Started GET "/api/v1/collections" for 127.0.0.1 at 2019-01-31 18:38:59 -0500
Processing by Api::V1::CollectionsController#index as JSON
Completed 500 Internal Server Error in 1ms (ActiveRecord: 0.0ms)


  
NoMethodError (undefined method `key?' for #<Array:0x00007f9ddc2ffb80>):
  
app/controllers/api/v1/collections_controller.rb:11:in `block in index'
app/controllers/api/v1/collections_controller.rb:11:in `index'
Started GET "/api/v1/collections" for 127.0.0.1 at 2019-01-31 18:39:12 -0500
Processing by Api::V1::CollectionsController#index as JSON
Completed 500 Internal Server Error in 0ms (ActiveRecord: 0.0ms)


  
ActionController::UnfilteredParameters (unable to convert unpermitted parameters to hash):
  
app/controllers/api/v1/collections_controller.rb:15:in `index'
Started GET "/api/v1/collections" for 127.0.0.1 at 2019-01-31 18:39:14 -0500
Processing by Api::V1::CollectionsController#index as JSON
Completed 500 Internal Server Error in 3ms (ActiveRecord: 0.0ms)


  
NoMethodError (undefined method `includes?' for #<Array:0x00007f9dd9b68e28>
Did you mean?  include?):
  
app/controllers/api/v1/collections_controller.rb:11:in `block in index'
app/controllers/api/v1/collections_controller.rb:11:in `index'
Started GET "/api/v1/collections" for 127.0.0.1 at 2019-01-31 18:39:20 -0500
Processing by Api::V1::CollectionsController#index as JSON
Completed 500 Internal Server Error in 2ms (ActiveRecord: 0.0ms)


  
NoMethodError (undefined method `includes?' for #<Array:0x00007f9dda2b6f18>
Did you mean?  include?):
  
app/controllers/api/v1/collections_controller.rb:11:in `block in index'
app/controllers/api/v1/collections_controller.rb:11:in `index'
Started GET "/api/v1/collections" for 127.0.0.1 at 2019-01-31 18:39:27 -0500
Processing by Api::V1::CollectionsController#index as JSON
Completed 500 Internal Server Error in 0ms (ActiveRecord: 0.0ms)


  
ActionController::UnfilteredParameters (unable to convert unpermitted parameters to hash):
  
app/controllers/api/v1/collections_controller.rb:15:in `index'
Started GET "/api/v1/collections" for 127.0.0.1 at 2019-01-31 18:39:55 -0500
Processing by Api::V1::CollectionsController#index as JSON
Completed 500 Internal Server Error in 0ms (ActiveRecord: 0.0ms)


  
ActionController::UnfilteredParameters (unable to convert unpermitted parameters to hash):
  
app/controllers/api/v1/collections_controller.rb:15:in `index'
Started GET "/api/v1/collections" for 127.0.0.1 at 2019-01-31 18:40:29 -0500
Processing by Api::V1::CollectionsController#index as JSON
Completed 500 Internal Server Error in 163611ms (ActiveRecord: 0.0ms)


  
ActionController::UnfilteredParameters (unable to convert unpermitted parameters to hash):
  
app/controllers/api/v1/collections_controller.rb:15:in `index'
Started GET "/api/v1/collections" for 127.0.0.1 at 2019-01-31 18:43:20 -0500
Processing by Api::V1::CollectionsController#index as JSON
Completed 500 Internal Server Error in 94ms (ActiveRecord: 0.0ms)


  
NameError (undefined local variable or method `permitted_params' for #<Api::V1::CollectionsController:0x00007f9695b2be38>):
  
app/controllers/api/v1/collections_controller.rb:13:in `index'
Started GET "/api/v1/collections" for 127.0.0.1 at 2019-01-31 18:43:31 -0500
Processing by Api::V1::CollectionsController#index as JSON
Unpermitted parameter: :format
Unpermitted parameter: :format
Unpermitted parameter: :format
Completed 200 OK in 38757ms (Views: 2.6ms | ActiveRecord: 0.0ms)


Started GET "/api/v1/collections" for 127.0.0.1 at 2019-01-31 18:44:16 -0500
Processing by Api::V1::CollectionsController#index as JSON
Unpermitted parameter: :format
Unpermitted parameter: :format
Started GET "/api/v1/collections" for 127.0.0.1 at 2019-01-31 18:44:47 -0500
Processing by Api::V1::CollectionsController#index as JSON
Unpermitted parameter: :format
Completed 200 OK in 2860ms (Views: 3.0ms | ActiveRecord: 0.0ms)


Completed 200 OK in 34691ms (Views: 3.3ms | ActiveRecord: 0.0ms)


Started GET "/api/v1/collections" for 127.0.0.1 at 2019-01-31 18:44:59 -0500
Processing by Api::V1::CollectionsController#index as JSON
Completed 500 Internal Server Error in 3523ms (ActiveRecord: 0.0ms)


  
ActionController::UnfilteredParameters (unable to convert unpermitted parameters to hash):
  
app/controllers/api/v1/collections_controller.rb:16:in `merge'
app/controllers/api/v1/collections_controller.rb:16:in `index'
Started GET "/api/v1/collections" for 127.0.0.1 at 2019-01-31 18:45:49 -0500
Processing by Api::V1::CollectionsController#index as JSON
Completed 500 Internal Server Error in 4665ms (ActiveRecord: 0.0ms)


  
ActionController::UnfilteredParameters (unable to convert unpermitted parameters to hash):
  
app/controllers/api/v1/collections_controller.rb:16:in `merge'
app/controllers/api/v1/collections_controller.rb:16:in `index'
Started GET "/api/v1/collections" for 127.0.0.1 at 2019-01-31 18:46:01 -0500
Processing by Api::V1::CollectionsController#index as JSON
Completed 500 Internal Server Error in 0ms (ActiveRecord: 0.0ms)


  
ActionController::UnfilteredParameters (unable to convert unpermitted parameters to hash):
  
app/controllers/api/v1/collections_controller.rb:16:in `merge'
app/controllers/api/v1/collections_controller.rb:16:in `index'
Started GET "/api/v1/collections" for 127.0.0.1 at 2019-01-31 18:46:02 -0500
Processing by Api::V1::CollectionsController#index as JSON
Completed 500 Internal Server Error in 0ms (ActiveRecord: 0.0ms)


  
ActionController::UnfilteredParameters (unable to convert unpermitted parameters to hash):
  
app/controllers/api/v1/collections_controller.rb:16:in `merge'
app/controllers/api/v1/collections_controller.rb:16:in `index'
Started GET "/api/v1/collections" for 127.0.0.1 at 2019-01-31 18:46:03 -0500
Processing by Api::V1::CollectionsController#index as JSON
Completed 500 Internal Server Error in 0ms (ActiveRecord: 0.0ms)


  
ActionController::UnfilteredParameters (unable to convert unpermitted parameters to hash):
  
app/controllers/api/v1/collections_controller.rb:16:in `merge'
app/controllers/api/v1/collections_controller.rb:16:in `index'
Started GET "/api/v1/collections" for 127.0.0.1 at 2019-01-31 18:46:03 -0500
Processing by Api::V1::CollectionsController#index as JSON
Completed 500 Internal Server Error in 0ms (ActiveRecord: 0.0ms)


  
ActionController::UnfilteredParameters (unable to convert unpermitted parameters to hash):
  
app/controllers/api/v1/collections_controller.rb:16:in `merge'
app/controllers/api/v1/collections_controller.rb:16:in `index'
Started GET "/api/v1/collections" for 127.0.0.1 at 2019-01-31 18:46:03 -0500
Processing by Api::V1::CollectionsController#index as JSON
Completed 500 Internal Server Error in 0ms (ActiveRecord: 0.0ms)


  
ActionController::UnfilteredParameters (unable to convert unpermitted parameters to hash):
  
app/controllers/api/v1/collections_controller.rb:16:in `merge'
app/controllers/api/v1/collections_controller.rb:16:in `index'
Started GET "/api/v1/collections" for 127.0.0.1 at 2019-01-31 18:46:03 -0500
Processing by Api::V1::CollectionsController#index as JSON
Completed 500 Internal Server Error in 0ms (ActiveRecord: 0.0ms)


  
ActionController::UnfilteredParameters (unable to convert unpermitted parameters to hash):
  
app/controllers/api/v1/collections_controller.rb:16:in `merge'
app/controllers/api/v1/collections_controller.rb:16:in `index'
Started GET "/api/v1/collections" for 127.0.0.1 at 2019-01-31 18:46:16 -0500
Processing by Api::V1::CollectionsController#index as JSON
Completed 500 Internal Server Error in 0ms (ActiveRecord: 0.0ms)


  
ActionController::UnfilteredParameters (unable to convert unpermitted parameters to hash):
  
app/controllers/api/v1/collections_controller.rb:16:in `merge'
app/controllers/api/v1/collections_controller.rb:16:in `index'
Started GET "/api/v1/collections" for 127.0.0.1 at 2019-01-31 18:46:17 -0500
Processing by Api::V1::CollectionsController#index as JSON
Completed 500 Internal Server Error in 0ms (ActiveRecord: 0.0ms)


  
ActionController::UnfilteredParameters (unable to convert unpermitted parameters to hash):
  
app/controllers/api/v1/collections_controller.rb:16:in `merge'
app/controllers/api/v1/collections_controller.rb:16:in `index'
Started GET "/api/v1/collections" for 127.0.0.1 at 2019-01-31 18:46:17 -0500
Processing by Api::V1::CollectionsController#index as JSON
Completed 500 Internal Server Error in 0ms (ActiveRecord: 0.0ms)


  
ActionController::UnfilteredParameters (unable to convert unpermitted parameters to hash):
  
app/controllers/api/v1/collections_controller.rb:16:in `merge'
app/controllers/api/v1/collections_controller.rb:16:in `index'
Started GET "/api/v1/collections" for 127.0.0.1 at 2019-01-31 21:10:04 -0500
Processing by Api::V1::CollectionsController#index as JSON
Completed 500 Internal Server Error in 0ms (ActiveRecord: 0.0ms)


  
ActionController::UnfilteredParameters (unable to convert unpermitted parameters to hash):
  
app/controllers/api/v1/collections_controller.rb:11:in `index'
Started GET "/api/v1/collections" for 127.0.0.1 at 2019-01-31 21:10:07 -0500
Processing by Api::V1::CollectionsController#index as JSON
Completed 500 Internal Server Error in 0ms (ActiveRecord: 0.0ms)


  
ActionController::UnfilteredParameters (unable to convert unpermitted parameters to hash):
  
app/controllers/api/v1/collections_controller.rb:11:in `index'
Started GET "/favicon.ico" for 127.0.0.1 at 2019-01-31 21:10:07 -0500
  
ActionController::RoutingError (No route matches [GET] "/favicon.ico"):
  
actionpack (5.2.2) lib/action_dispatch/middleware/debug_exceptions.rb:65:in `call'
actionpack (5.2.2) lib/action_dispatch/middleware/show_exceptions.rb:33:in `call'
railties (5.2.2) lib/rails/rack/logger.rb:38:in `call_app'
railties (5.2.2) lib/rails/rack/logger.rb:26:in `block in call'
activesupport (5.2.2) lib/active_support/tagged_logging.rb:71:in `block in tagged'
activesupport (5.2.2) lib/active_support/tagged_logging.rb:28:in `tagged'
activesupport (5.2.2) lib/active_support/tagged_logging.rb:71:in `tagged'
railties (5.2.2) lib/rails/rack/logger.rb:26:in `call'
actionpack (5.2.2) lib/action_dispatch/middleware/remote_ip.rb:81:in `call'
actionpack (5.2.2) lib/action_dispatch/middleware/request_id.rb:27:in `call'
rack (2.0.6) lib/rack/runtime.rb:22:in `call'
activesupport (5.2.2) lib/active_support/cache/strategy/local_cache_middleware.rb:29:in `call'
actionpack (5.2.2) lib/action_dispatch/middleware/executor.rb:14:in `call'
actionpack (5.2.2) lib/action_dispatch/middleware/static.rb:127:in `call'
rack (2.0.6) lib/rack/sendfile.rb:111:in `call'
railties (5.2.2) lib/rails/engine.rb:524:in `call'
puma (3.12.0) lib/puma/configuration.rb:225:in `call'
puma (3.12.0) lib/puma/server.rb:658:in `handle_request'
puma (3.12.0) lib/puma/server.rb:472:in `process_client'
puma (3.12.0) lib/puma/server.rb:332:in `block in run'
puma (3.12.0) lib/puma/thread_pool.rb:133:in `block in spawn_thread'
Started GET "/api/v1/collections" for 127.0.0.1 at 2019-01-31 21:12:32 -0500
Processing by Api::V1::CollectionsController#index as JSON
Unpermitted parameter: :format
Completed 200 OK in 906ms (Views: 2.9ms | ActiveRecord: 0.0ms)


Started GET "/api/v1/collections" for 127.0.0.1 at 2019-01-31 21:13:05 -0500
Processing by Api::V1::CollectionsController#index as JSON
Completed 500 Internal Server Error in 0ms (ActiveRecord: 0.0ms)


  
ActionController::UnfilteredParameters (unable to convert unpermitted parameters to hash):
  
app/controllers/api/v1/collections_controller.rb:11:in `merge'
app/controllers/api/v1/collections_controller.rb:11:in `index'
Started GET "/api/v1/collections" for 127.0.0.1 at 2019-01-31 21:13:18 -0500
Processing by Api::V1::CollectionsController#index as JSON
Completed 500 Internal Server Error in 0ms (ActiveRecord: 0.0ms)


  
ActionController::UnfilteredParameters (unable to convert unpermitted parameters to hash):
  
app/controllers/api/v1/collections_controller.rb:11:in `merge'
app/controllers/api/v1/collections_controller.rb:11:in `index'
Started GET "/api/v1/collections" for 127.0.0.1 at 2019-01-31 21:13:34 -0500
Processing by Api::V1::CollectionsController#index as JSON
Completed 500 Internal Server Error in 38535ms (ActiveRecord: 0.0ms)


  
ActionController::UnfilteredParameters (unable to convert unpermitted parameters to hash):
Started GET "/api/v1/collections" for 127.0.0.1 at 2019-01-31 21:14:13 -0500
  
app/controllers/api/v1/collections_controller.rb:12:in `merge'
app/controllers/api/v1/collections_controller.rb:12:in `index'
Processing by Api::V1::CollectionsController#index as JSON
Completed 500 Internal Server Error in 1245ms (ActiveRecord: 0.0ms)


  
ActionController::UnfilteredParameters (unable to convert unpermitted parameters to hash):
  
app/controllers/api/v1/collections_controller.rb:12:in `merge'
app/controllers/api/v1/collections_controller.rb:12:in `index'
Started GET "/api/v1/collections" for 127.0.0.1 at 2019-01-31 21:14:16 -0500
Processing by Api::V1::CollectionsController#index as JSON
Unpermitted parameter: :format
Completed 200 OK in 1786ms (Views: 14.9ms | ActiveRecord: 0.0ms)


Started GET "/api/v1/collections?keyword=AIRS" for 127.0.0.1 at 2019-01-31 21:14:47 -0500
Processing by Api::V1::CollectionsController#index as JSON
  Parameters: {"keyword"=>"AIRS"}
Unpermitted parameters: :keyword, :format
Completed 200 OK in 1478ms (Views: 13.6ms | ActiveRecord: 0.0ms)


Started GET "/api/v1/collections?keyword=AIRS" for 127.0.0.1 at 2019-01-31 21:15:46 -0500
Processing by Api::V1::CollectionsController#index as JSON
  Parameters: {"keyword"=>"AIRS"}
Unpermitted parameter: :format
Completed 200 OK in 1641ms (Views: 28.5ms | ActiveRecord: 0.0ms)


Started GET "/api/v1/collections?keyword=AIRS" for 127.0.0.1 at 2019-01-31 21:25:31 -0500
Processing by Api::V1::CollectionsController#index as JSON
  Parameters: {"keyword"=>"AIRS"}
Unpermitted parameter: :format
Completed 200 OK in 1338ms (Views: 24.2ms | ActiveRecord: 0.0ms)


Started GET "/api/v1/collections?keyword=AIRS" for 127.0.0.1 at 2019-01-31 21:28:19 -0500
Processing by Api::V1::CollectionsController#index as JSON
  Parameters: {"keyword"=>"AIRS"}
Unpermitted parameter: :format
Completed 200 OK in 1081ms (Views: 21.5ms | ActiveRecord: 0.0ms)


Started GET "/api/v1/collections/C1200240776-DEV08/granules" for 127.0.0.1 at 2019-01-31 21:28:29 -0500
Processing by Api::V1::GranulesController#index as JSON
  Parameters: {"collection_id"=>"C1200240776-DEV08"}
Completed 200 OK in 874ms (Views: 7.4ms | ActiveRecord: 0.0ms)


Started GET "/api/v1/collections/C1200240776-DEV08" for 127.0.0.1 at 2019-01-31 21:28:59 -0500
Processing by Api::V1::CollectionsController#show as JSON
  Parameters: {"id"=>"C1200240776-DEV08"}
Completed 200 OK in 1090ms (Views: 0.8ms | ActiveRecord: 0.0ms)


Started GET "/api/v1/collections?keyword=AIRS&format=umm_json" for 127.0.0.1 at 2019-01-31 21:33:49 -0500
Processing by Api::V1::CollectionsController#index as JSON
  Parameters: {"keyword"=>"AIRS"}
Unpermitted parameter: :format
Completed 200 OK in 1222ms (Views: 22.0ms | ActiveRecord: 0.0ms)


Started GET "/api/v1/collections?keyword=AIRS&format=umm_json" for 127.0.0.1 at 2019-01-31 21:34:09 -0500
Processing by Api::V1::CollectionsController#index as JSON
  Parameters: {"keyword"=>"AIRS"}
Completed 200 OK in 682ms (Views: 0.2ms | ActiveRecord: 0.0ms)


Started GET "/api/v1/collections?keyword=AIRS&format=umm_json" for 127.0.0.1 at 2019-01-31 21:36:04 -0500
Processing by Api::V1::CollectionsController#index as JSON
  Parameters: {"keyword"=>"AIRS"}
Completed 500 Internal Server Error in 0ms (ActiveRecord: 0.0ms)


  
TypeError (no implicit conversion of Symbol into String):
  
app/controllers/api/v1/collections_controller.rb:7:in `+'
app/controllers/api/v1/collections_controller.rb:7:in `index'
Started GET "/api/v1/collections?keyword=AIRS&format=umm_json" for 127.0.0.1 at 2019-01-31 21:36:32 -0500
Processing by Api::V1::CollectionsController#index as JSON
  Parameters: {"keyword"=>"AIRS"}
Completed 200 OK in 1416ms (Views: 26.4ms | ActiveRecord: 0.0ms)


Started GET "/api/v1/collections?keyword=AIRS&format=umm_json" for 127.0.0.1 at 2019-01-31 21:37:24 -0500
Processing by Api::V1::CollectionsController#index as JSON
  Parameters: {"keyword"=>"AIRS"}
Completed 200 OK in 976ms (Views: 21.5ms | ActiveRecord: 0.0ms)


Started GET "/api/v1/collections?keyword=AIRS&format=umm_json" for 127.0.0.1 at 2019-01-31 21:37:43 -0500
Processing by Api::V1::CollectionsController#index as JSON
  Parameters: {"keyword"=>"AIRS"}
Completed 200 OK in 1187ms (Views: 24.3ms | ActiveRecord: 0.0ms)


Started GET "/api/v1/collections.umm_json?keyword=AIRS" for 127.0.0.1 at 2019-01-31 21:38:44 -0500
Processing by Api::V1::CollectionsController#index as 
  Parameters: {"keyword"=>"AIRS"}
Completed 200 OK in 2214ms (Views: 75.9ms | ActiveRecord: 0.0ms)


Started GET "/api/v1/collections.atom?keyword=AIRS" for 127.0.0.1 at 2019-01-31 21:41:39 -0500
Processing by Api::V1::CollectionsController#index as ATOM
  Parameters: {"keyword"=>"AIRS"}
Completed 500 Internal Server Error in 911ms (ActiveRecord: 0.0ms)


  
JSON::ParserError (765: unexpected token at '<?xml version="1.0" encoding="UTF-8"?><feed xmlns:relevance="http://a9.com/-/opensearch/extensions/relevance/1.0/" xmlns:os="http://a9.com/-/spec/opensearch/1.1/" xmlns:georss="http://www.georss.org/georss/10" xmlns="http://www.w3.org/2005/Atom" xmlns:dc="http://purl.org/dc/terms/" xmlns:echo="https://cmr.earthdata.nasa.gov/search/site/docs/search/api.html#atom" xmlns:esipdiscovery="http://commons.esipfed.org/ns/discovery/1.2/" xmlns:gml="http://www.opengis.net/gml" esipdiscovery:version="1.2" xmlns:time="http://a9.com/-/opensearch/extensions/time/1.0/"><updated>2019-02-01T02:41:40.274Z</updated><id>https://cmr.sit.earthdata.nasa.gov:443/search/collections.atom?keyword=AIRS</id><title type="text">ECHO dataset metadata</title><entry><id>C1200187767-EDF_OPS</id><title type="text">Aqua AIRS Level 3 Daily Standard Physical Retrieval (AIRS+AMSU) V006 (AIRX3STD) at GES DISC</title><summary type="text">The AIRS Level 3 Daily Gridded Product contains standard retrieval means, standard deviations and input counts.  Each file covers a temporal period of 24 hours for either the descending (equatorial crossing North to South @1:30 AM local time) or ascending (equatorial crossing South to North @1:30 PM local time) orbit. The data starts at the international dateline and progresses westward (as do the subsequent orbits of the satellite) so that neighboring gridded cells of data are no more than a swath of time apart (about 90 minutes). The two parts of a scan line crossing the dateline are included in separate L3 files, according to the date, so that data points in a grid box are always coincident in time.  The edge of the AIRS Level 3 gridded cells is at the date line (the 180E/W longitude boundary). When plotted, this produces a map with 0 degrees longitude in the center of the image unless the bins are reordered. This method is preferred because the left (West) side of the image and the right (East) side of the image contain data farthest apart in time. The gridding scheme used by AIRS is the same as used by TOVS Pathfinder to create Level 3 products. The daily Level 3 products have gores between satellite paths where there is no coverage for that day.The geophysical parameters have been averaged and binned into 1 x 1 deg grid cells, from -180.0 to +180.0 deg longitude and from -90.0 to +90.0 deg latitude. For each grid map of 4-byte floating-point mean values there is a corresponding 4-byte floating-point map of standard deviation and a 2-byte integer grid map of counts. The counts map provides the user with the number of points per bin that were included in the mean and can be used to generate custom multi-day maps from the daily gridded products.The thermodynamic parameters are: Skin Temperature (land and sea surface), Air Temperature at the surface, Profiles of Air Temperature and Water Vapor, Tropopause Characteristics, Column Precipitable Water, Cloud Amount/Frequency, Cloud Height, Cloud Top Pressure, Cloud Top Temperature, Reflectance, Emissivity, Surface Pressure, Cloud Vertical Distribution.The trace gases parameters are: Total Amounts and Vertical Profiles of Carbon Monoxide, Methane, and Ozone.The actual names of the variables in the data files should be inferred from the Processing File Description document.(The Shortname for this product is AIRX3STD).</summary><updated>2014-12-18T00:00:00.000Z</updated><echo:datasetId>Aqua AIRS Level 3 Daily Standard Physical Retrieval (AIRS+AMSU) V006 (AIRX3STD) at GES DISC</echo:datasetId><echo:shortName>AIRX3STD</echo:shortName><echo:versionId>006</echo:versionId><echo:originalFormat>ECHO10</echo:originalFormat><echo:dataCenter>EDF_OPS</echo:dataCenter><echo:archiveCenter>GESDISC</echo:archiveCenter><echo:organization>GESDISC</echo:organization><echo:organization>GES DISC</echo:organization><time:start>2002-08-30T00:00:00.000Z</time:start><link rel="http://esipfed.org/ns/fedsearch/1.1/data#" hreflang="en-US" href="ftp://acdisc.sci.gsfc.nasa.gov/ftp/data/s4pa/Aqua_AIRS_Level3/AIRX3STD.006/"></link><link rel="http://esipfed.org/ns/fedsearch/1.1/data#" hreflang="en-US" href="http://mirador.gsfc.nasa.gov/cgi-bin/mirador/homepageAlt.pl?keyword=AIRX3STD"></link><link rel="http://esipfed.org/ns/fedsearch/1.1/data#" hreflang="en-US" href="http://disc.sci.gsfc.nasa.gov/SSW/#keywords=AIRX3STD006"></link><link rel="http://esipfed.org/ns/fedsearch/1.1/data#" hreflang="en-US" href="http://reverb.echo.nasa.gov/reverb/#utf8=%E2%9C%93&amp;spatial_map=satellite&amp;spatial_type=rectangle&amp;keywords=GES_DISC_AIRX3STD_V006"></link><link rel="http://esipfed.org/ns/fedsearch/1.1/documentation#" hreflang="en-US" href="http://disc1.sci.gsfc.nasa.gov/daac-bin/wms_airs?service=WMS&amp;version=1.1.1&amp;request=GetCapabilities"></link><link rel="http://esipfed.org/ns/fedsearch/1.1/documentation#" hreflang="en-US" href="http://disc1.sci.gsfc.nasa.gov/daac-bin/wms_airs?service=WMS&amp;VERSION=1.1.1&amp;REQUEST=GetMap&amp;SRS=EPSG:4326&amp;WIDTH=720&amp;HEIGHT=360&amp;LAYERS=AIRX3STD_TOTH2OVAP_A&amp;TRANSPARENT=TRUE&amp;FORMAT=image/png&amp;bbox=-180,-90,180,90"></link><link rel="http://esipfed.org/ns/fedsearch/1.1/documentation#" hreflang="en-US" href="http://acdisc.sci.gsfc.nasa.gov/daac-bin/wcsAIRSL3?service=WCS&amp;version=1.0.0&amp;request=GetCapabilities"></link><link rel="http://esipfed.org/ns/fedsearch/1.1/documentation#" hreflang="en-US" href="http://acdisc.sci.gsfc.nasa.gov/daac-bin/wcsAIRSL3?service=WCS&amp;version=1.0.0&amp;request=GetCoverage&amp;CRS=EPSG:4326&amp;format=netCDF&amp;resx=1.0&amp;resy=1.0&amp;BBOX=-179.5,-89.5,179.5,89.5&amp;Coverage=AIRX3STD:CO_VMR_A&amp;Time=2013-08-11"></link><link rel="http://esipfed.org/ns/fedsearch/1.1/metadata#" hreflang="en-US" href="http://airs.jpl.nasa.gov/"></link><link rel="http://esipfed.org/ns/fedsearch/1.1/documentation#" hreflang="en-US" href="http://disc.sci.gsfc.nasa.gov/AIRS/index.shtml"></link><link rel="http://esipfed.org/ns/fedsearch/1.1/documentation#" hreflang="en-US" href="ftp://acdisc.sci.gsfc.nasa.gov/data/s4pa/Aqua_AIRS_Level3/AIRX3STD.006/doc/README.AIRS_V6.pdf"></link><link rel="http://esipfed.org/ns/fedsearch/1.1/documentation#" hreflang="en-US" href="ftp://acdisc.gsfc.nasa.gov/data/s4pa//Aqua_AIRS_Level3/AIRX3STD.006/doc/README.AIRS_V6.pdf"></link><echo:coordinateSystem>CARTESIAN</echo:coordinateSystem><echo:orbitParameters></echo:orbitParameters><georss:box>-90 -180 90 180</georss:box><echo:onlineAccessFlag>true</echo:onlineAccessFlag><echo:browseFlag>false</echo:browseFlag><echo:hasVariables>true</echo:hasVariables><echo:hasFormats>true</echo:hasFormats><echo:hasTransforms>true</echo:hasTransforms><echo:hasSpatialSubsetting>true</echo:hasSpatialSubsetting><relevance:score>1.32</relevance:score></entry><entry><id>C1200269572-E2E_18_3</id><title type="text">Aqua AIRS Level 3 Daily Standard Physical Retrieval (AIRS+AMSU) V006 (AIRX3STD) at GES DISC</title><summary type="text">The AIRS Level 3 Daily Gridded Product contains standard retrieval means, standard deviations and input counts.  Each file covers a temporal period of 24 hours for either the descending (equatorial crossing North to South @1:30 AM local time) or ascending (equatorial crossing South to North @1:30 PM local time) orbit. The data starts at the international dateline and progresses westward (as do the subsequent orbits of the satellite) so that neighboring gridded cells of data are no more than a swath of time apart (about 90 minutes). The two parts of a scan line crossing the dateline are included in separate L3 files, according to the date, so that data points in a grid box are always coincident in time.  The edge of the AIRS Level 3 gridded cells is at the date line (the 180E/W longitude boundary). When plotted, this produces a map with 0 degrees longitude in the center of the image unless the bins are reordered. This method is preferred because the left (West) side of the image and the right (East) side of the image contain data farthest apart in time. The gridding scheme used by AIRS is the same as used by TOVS Pathfinder to create Level 3 products. The daily Level 3 products have gores between satellite paths where there is no coverage for that day.The geophysical parameters have been averaged and binned into 1 x 1 deg grid cells, from -180.0 to +180.0 deg longitude and from -90.0 to +90.0 deg latitude. For each grid map of 4-byte floating-point mean values there is a corresponding 4-byte floating-point map of standard deviation and a 2-byte integer grid map of counts. The counts map provides the user with the number of points per bin that were included in the mean and can be used to generate custom multi-day maps from the daily gridded products.The thermodynamic parameters are: Skin Temperature (land and sea surface), Air Temperature at the surface, Profiles of Air Temperature and Water Vapor, Tropopause Characteristics, Column Precipitable Water, Cloud Amount/Frequency, Cloud Height, Cloud Top Pressure, Cloud Top Temperature, Reflectance, Emissivity, Surface Pressure, Cloud Vertical Distribution.The trace gases parameters are: Total Amounts and Vertical Profiles of Carbon Monoxide, Methane, and Ozone.The actual names of the variables in the data files should be inferred from the Processing File Description document.(The Shortname for this product is AIRX3STD).</summary><updated>2014-12-18T00:00:00.000Z</updated><echo:datasetId>Aqua AIRS Level 3 Daily Standard Physical Retrieval (AIRS+AMSU) V006 (AIRX3STD) at GES DISC</echo:datasetId><echo:shortName>AIRX3STD</echo:shortName><echo:versionId>006</echo:versionId><echo:originalFormat>ECHO10</echo:originalFormat><echo:dataCenter>E2E_18_3</echo:dataCenter><echo:archiveCenter>GESDISC</echo:archiveCenter><echo:organization>GESDISC</echo:organization><echo:organization>GES DISC</echo:organization><time:start>2002-08-30T00:00:00.000Z</time:start><link rel="http://esipfed.org/ns/fedsearch/1.1/data#" hreflang="en-US" href="ftp://acdisc.sci.gsfc.nasa.gov/ftp/data/s4pa/Aqua_AIRS_Level3/AIRX3STD.006/"></link><link rel="http://esipfed.org/ns/fedsearch/1.1/data#" hreflang="en-US" href="http://mirador.gsfc.nasa.gov/cgi-bin/mirador/homepageAlt.pl?keyword=AIRX3STD"></link><link rel="http://esipfed.org/ns/fedsearch/1.1/data#" hreflang="en-US" href="http://disc.sci.gsfc.nasa.gov/SSW/#keywords=AIRX3STD006"></link><link rel="http://esipfed.org/ns/fedsearch/1.1/data#" hreflang="en-US" href="http://reverb.echo.nasa.gov/reverb/#utf8=%E2%9C%93&amp;spatial_map=satellite&amp;spatial_type=rectangle&amp;keywords=GES_DISC_AIRX3STD_V006"></link><link rel="http://esipfed.org/ns/fedsearch/1.1/documentation#" hreflang="en-US" href="http://disc1.sci.gsfc.nasa.gov/daac-bin/wms_airs?service=WMS&amp;version=1.1.1&amp;request=GetCapabilities"></link><link rel="http://esipfed.org/ns/fedsearch/1.1/documentation#" hreflang="en-US" href="http://disc1.sci.gsfc.nasa.gov/daac-bin/wms_airs?service=WMS&amp;VERSION=1.1.1&amp;REQUEST=GetMap&amp;SRS=EPSG:4326&amp;WIDTH=720&amp;HEIGHT=360&amp;LAYERS=AIRX3STD_TOTH2OVAP_A&amp;TRANSPARENT=TRUE&amp;FORMAT=image/png&amp;bbox=-180,-90,180,90"></link><link rel="http://esipfed.org/ns/fedsearch/1.1/documentation#" hreflang="en-US" href="http://acdisc.sci.gsfc.nasa.gov/daac-bin/wcsAIRSL3?service=WCS&amp;version=1.0.0&amp;request=GetCapabilities"></link><link rel="http://esipfed.org/ns/fedsearch/1.1/documentation#" hreflang="en-US" href="http://acdisc.sci.gsfc.nasa.gov/daac-bin/wcsAIRSL3?service=WCS&amp;version=1.0.0&amp;request=GetCoverage&amp;CRS=EPSG:4326&amp;format=netCDF&amp;resx=1.0&amp;resy=1.0&amp;BBOX=-179.5,-89.5,179.5,89.5&amp;Coverage=AIRX3STD:CO_VMR_A&amp;Time=2013-08-11"></link><link rel="http://esipfed.org/ns/fedsearch/1.1/metadata#" hreflang="en-US" href="http://airs.jpl.nasa.gov/"></link><link rel="http://esipfed.org/ns/fedsearch/1.1/documentation#" hreflang="en-US" href="http://disc.sci.gsfc.nasa.gov/AIRS/index.shtml"></link><link rel="http://esipfed.org/ns/fedsearch/1.1/documentation#" hreflang="en-US" href="ftp://acdisc.sci.gsfc.nasa.gov/data/s4pa/Aqua_AIRS_Level3/AIRX3STD.006/doc/README.AIRS_V6.pdf"></link><link rel="http://esipfed.org/ns/fedsearch/1.1/documentation#" hreflang="en-US" href="ftp://acdisc.gsfc.nasa.gov/data/s4pa//Aqua_AIRS_Level3/AIRX3STD.006/doc/README.AIRS_V6.pdf"></link><echo:coordinateSystem>CARTESIAN</echo:coordinateSystem><echo:orbitParameters></echo:orbitParameters><georss:box>-90 -180 90 180</georss:box><echo:onlineAccessFlag>true</echo:onlineAccessFlag><echo:browseFlag>false</echo:browseFlag><echo:hasVariables>true</echo:hasVariables><echo:hasFormats>true</echo:hasFormats><echo:hasTransforms>true</echo:hasTransforms><echo:hasSpatialSubsetting>true</echo:hasSpatialSubsetting><relevance:score>1.32</relevance:score></entry><entry><id>C1200241793-EDF_DEV01</id><title type="text">AIRS/Aqua L3 Daily Standard Physical Retrieval (AIRS+AMSU) 1 degree x 1 degree V006 (AIRX3STD) at GES DISC V006</title><summary type="text">The Atmospheric Infrared Sounder (AIRS) is a grating spectrometer (R = 1200) aboard the second Earth Observing System (EOS) polar-orbiting platform, EOS Aqua. In combination with the Advanced Microwave Sounding Unit (AMSU) and the Humidity Sounder for Brazil (HSB), AIRS constitutes an innovative atmospheric sounding group of visible, infrared, and microwave sensors. The AIRS Level 3 Daily Gridded Product contains standard retrieval means, standard deviations and input counts. Each file covers a temporal period of 24 hours for either the descending (equatorial crossing North to South @1:30 AM local time) or ascending (equatorial crossing South to North @1:30 PM local time) orbit. The data starts at the international dateline and progresses westward (as do the subsequent orbits of the satellite) so that neighboring gridded cells of data are no more than a swath of time apart (about 90 minutes). The two parts of a scan line crossing the dateline are included in separate L3 files, according to the date, so that data points in a grid box are always coincident in time. The edge of the AIRS Level 3 gridded cells is at the date line (the 180E/W longitude boundary). When plotted, this produces a map with 0 degrees longitude in the center of the image unless the bins are reordered. This method is preferred because the left (West) side of the image and the right (East) side of the image contain data farthest apart in time. The gridding scheme used by AIRS is the same as used by TOVS Pathfinder to create Level 3 products. The daily Level 3 products have gores between satellite paths where there is no coverage for that day. The geophysical parameters have been averaged and binned into 1 x 1 deg grid cells, from -180.0 to +180.0 deg longitude and from -90.0 to +90.0 deg latitude. For each grid map of 4-byte floating-point mean values there is a corresponding 4-byte floating-point map of standard deviation and a 2-byte integer grid map of counts. The counts map provides the user with the number of points per bin that were included in the mean and can be used to generate custom multi-day maps from the daily gridded products. The thermodynamic parameters are: Skin Temperature (land and sea surface), Air Temperature at the surface, Profiles of Air Temperature and Water Vapor, Tropopause Characteristics, Column Precipitable Water, Cloud Amount/Frequency, Cloud Height, Cloud Top Pressure, Cloud Top Temperature, Reflectance, Emissivity, Surface Pressure, Cloud Vertical Distribution. The trace gases parameters are: Total Amounts and Vertical Profiles of Carbon Monoxide, Methane, and Ozone. The actual names of the variables in the data files should be inferred from the Processing File Description document.</summary><updated>1970-01-01T00:00:00.000Z</updated><echo:datasetId>AIRS/Aqua L3 Daily Standard Physical Retrieval (AIRS+AMSU) 1 degree x 1 degree V006 (AIRX3STD) at GES DISC V006</echo:datasetId><echo:shortName>AIRX3STD</echo:shortName><echo:versionId>006</echo:versionId><echo:originalFormat>DIF10</echo:originalFormat><echo:dataCenter>EDF_DEV01</echo:dataCenter><echo:archiveCenter>EDF_DEV01</echo:archiveCenter><echo:organization>EDF_DEV01</echo:organization><echo:processingLevelId>3</echo:processingLevelId><time:start>2002-08-31T00:00:00.000Z</time:start><time:end>2016-09-25T23:59:59.000Z</time:end><link rel="http://esipfed.org/ns/fedsearch/1.1/browse#" hreflang="en-US" href="https://docserver.gesdisc.eosdis.nasa.gov/public/project/Images/AIRX3STD_006.png"></link><link rel="http://esipfed.org/ns/fedsearch/1.1/data#" hreflang="en-US" href="https://acdisc.gesdisc.eosdis.nasa.gov/data/Aqua_AIRS_Level3/AIRX3STD.006/"></link><link rel="http://esipfed.org/ns/fedsearch/1.1/metadata#" hreflang="en-US" href="https://acdisc.gesdisc.eosdis.nasa.gov/opendap/Aqua_AIRS_Level3/AIRX3STD.006/contents.html"></link><link rel="http://esipfed.org/ns/fedsearch/1.1/metadata#" hreflang="en-US" href="https://disc.gsfc.nasa.gov/SSW/#keywords=AIRX3STD%20006"></link><link rel="http://esipfed.org/ns/fedsearch/1.1/data#" hreflang="en-US" href="https://search.earthdata.nasa.gov/search?q=AIRX3STD+006"></link><link rel="http://esipfed.org/ns/fedsearch/1.1/metadata#" hreflang="en-US" href="https://disc1.gsfc.nasa.gov/daac-bin/wms_airs?service=WMS&amp;version=1.1.1&amp;request=GetCapabilities"></link><link rel="http://esipfed.org/ns/fedsearch/1.1/metadata#" hreflang="en-US" href="https://disc1.gsfc.nasa.gov/daac-bin/wms_airs?service=WMS&amp;VERSION=1.1.1&amp;REQUEST=GetMap&amp;SRS=EPSG:4326&amp;WIDTH=720&amp;HEIGHT=360&amp;LAYERS=AIRX3STD_TOTH2OVAP_A&amp;TRANSPARENT=TRUE&amp;FORMAT=image/png&amp;bbox=-180,-90,180,90"></link><link rel="http://esipfed.org/ns/fedsearch/1.1/metadata#" hreflang="en-US" href="https://acdisc.gesdisc.eosdis.nasa.gov/daac-bin/wcsAIRSL3?service=WCS&amp;version=1.0.0&amp;request=GetCapabilities"></link><link rel="http://esipfed.org/ns/fedsearch/1.1/metadata#" hreflang="en-US" href="https://acdisc.gesdisc.eosdis.nasa.gov/daac-bin/wcsAIRSL3?service=WCS&amp;version=1.0.0&amp;request=GetCoverage&amp;CRS=EPSG:4326&amp;format=netCDF&amp;resx=1.0&amp;resy=1.0&amp;BBOX=-179.5,-89.5,179.5,89.5&amp;Coverage=AIRX3STD:CO_VMR_A&amp;Time=2013-08-11"></link><link rel="http://esipfed.org/ns/fedsearch/1.1/metadata#" hreflang="en-US" href="https://airs.jpl.nasa.gov/index.html"></link><link rel="http://esipfed.org/ns/fedsearch/1.1/documentation#" hreflang="en-US" href="https://disc.gsfc.nasa.gov/information/documents?title=AIRS%20Documentation"></link><link rel="http://esipfed.org/ns/fedsearch/1.1/documentation#" hreflang="en-US" href="https://docserver.gesdisc.eosdis.nasa.gov/repository/Mission/AIRS/3.3_ScienceDataProductDocumentation/3.3.4_ProductGenerationAlgorithms/README.AIRS_V6.pdf"></link><link rel="http://esipfed.org/ns/fedsearch/1.1/documentation#" hreflang="en-US" href="https://docserver.gesdisc.eosdis.nasa.gov/repository/Mission/AIRS/3.3_ScienceDataProductDocumentation/3.3.4_ProductGenerationAlgorithms/V6_Released_Processing_Files_Description.pdf"></link><echo:coordinateSystem>CARTESIAN</echo:coordinateSystem><echo:orbitParameters></echo:orbitParameters><georss:box>-90 -180 90 180</georss:box><echo:difId>AIRX3STD_006</echo:difId><echo:onlineAccessFlag>true</echo:onlineAccessFlag><echo:browseFlag>true</echo:browseFlag><echo:hasVariables>true</echo:hasVariables><echo:hasFormats>false</echo:hasFormats><echo:hasTransforms>true</echo:hasTransforms><echo:hasSpatialSubsetting>true</echo:hasSpatialSubsetting><relevance:score>1.32</relevance:score></entry><entry><id>C1200303380-ARCTEST</id><title type="text">AIRS/Aqua L1B Infrared (IR) geolocated and calibrated radiances V005 (AIRIBRAD) at GES DISC</title><summary type="text">The Atmospheric Infrared Sounder (AIRS) is a grating spectrometer (R = 1200) aboard the second Earth Observing System (EOS) polar-orbiting platform, EOS Aqua. In combination with the Advanced Microwave Sounding Unit (AMSU) and the Humidity Sounder for Brazil (HSB), AIRS constitutes an innovative atmospheric sounding group of visible, infrared, and microwave sensors. The AIRS Infrared (IR) level 1B data set contains AIRS calibrated and geolocated radiances in milliWatts/m^2/cm^-1/steradian for 2378 infrared channels in the 3.74 to 15.4 micron region of t he spectrum. The AIRS instrument is co-aligned with AMSU-A so that successive blocks of 3 x 3 AIRS footprints are contained within one AMSU-A footprint. The AIRIBRAD_005 products are stored in files (often referred to as "granules") that contain 6 minutes of data, 90 footprints across track by 135 lines along track.</summary><updated>1970-01-01T00:00:00.000Z</updated><echo:datasetId>AIRS/Aqua L1B Infrared (IR) geolocated and calibrated radiances V005 (AIRIBRAD) at GES DISC</echo:datasetId><echo:shortName>AIRIBRAD</echo:shortName><echo:versionId>005</echo:versionId><echo:originalFormat>ECHO10</echo:originalFormat><echo:dataCenter>ARCTEST</echo:dataCenter><echo:archiveCenter>NASA/GSFC/SED/ESD/GCDC/GESDISC</echo:archiveCenter><echo:organization>NASA/GSFC/SED/ESD/GCDC/GESDISC</echo:organization><echo:processingLevelId>1B</echo:processingLevelId><time:start>2002-08-30T00:00:00.000Z</time:start><link rel="http://esipfed.org/ns/fedsearch/1.1/documentation#" hreflang="en-US" href="https://airsl1.gesdisc.eosdis.nasa.gov/data/Aqua_AIRS_Level1/AIRIBRAD.005/"></link><link rel="http://esipfed.org/ns/fedsearch/1.1/documentation#" hreflang="en-US" href="https://airsl1.gesdisc.eosdis.nasa.gov/opendap/Aqua_AIRS_Level1/AIRIBRAD.005/contents.html"></link><link rel="http://esipfed.org/ns/fedsearch/1.1/documentation#" hreflang="en-US" href="https://disc.gsfc.nasa.gov/SSW/#keywords=AIRIBRAD%20005"></link><link rel="http://esipfed.org/ns/fedsearch/1.1/documentation#" hreflang="en-US" href="https://search.earthdata.nasa.gov/search/granules?p=C1243477369-GES_DISC&amp;m=4.7109375!-0.7734375!3!1!0!0%2C2&amp;q=AIRIBRAD&amp;ok=AIRIBRAD"></link><link rel="http://esipfed.org/ns/fedsearch/1.1/documentation#" hreflang="en-US" href="https://airs.jpl.nasa.gov/index.html"></link><link rel="http://esipfed.org/ns/fedsearch/1.1/documentation#" hreflang="en-US" href="https://disc.gsfc.nasa.gov/information/documents?title=AIRS%20Documentation"></link><link rel="http://esipfed.org/ns/fedsearch/1.1/documentation#" hreflang="en-US" href="https://docserver.gesdisc.eosdis.nasa.gov/repository/Mission/AIRS/3.3_ScienceDataProductDocumentation/3.3.4_ProductGenerationAlgorithms/README.AIRIBRAD.pdf"></link><link rel="http://esipfed.org/ns/fedsearch/1.1/documentation#" hreflang="en-US" href="https://docserver.gesdisc.eosdis.nasa.gov/repository/Mission/AIRS/3.7_ScienceDataProductValidation/V5_CalVal_Status_Summary.pdf"></link><link rel="http://esipfed.org/ns/fedsearch/1.1/documentation#" hreflang="en-US" href="https://eospso.gsfc.nasa.gov/sites/default/files/atbd/AIRS_L1B_ATBD_Part_1.pdf"></link><link rel="http://esipfed.org/ns/fedsearch/1.1/browse#" hreflang="en-US" href="https://docserver.gesdisc.eosdis.nasa.gov/public/project/Images/AIRIBRAD_005.jpeg"></link><echo:coordinateSystem>CARTESIAN</echo:coordinateSystem><echo:orbitParameters></echo:orbitParameters><georss:box>-90 -180 90 180</georss:box><echo:onlineAccessFlag>false</echo:onlineAccessFlag><echo:browseFlag>true</echo:browseFlag><echo:hasVariables>false</echo:hasVariables><echo:hasFormats>false</echo:hasFormats><echo:hasTransforms>false</echo:hasTransforms><echo:hasSpatialSubsetting>false</echo:hasSpatialSubsetting><relevance:score>1.32</relevance:score></entry><entry><id>C1200277733-EDF_DEV01</id><title type="text">AIRS/Aqua L3 Monthly Standard Physical Retrieval (AIRS+AMSU) 1 degree x 1 degree V006 (AIRX3STM) at GES DISC V006</title><summary type="text">The Atmospheric Infrared Sounder (AIRS) is a grating spectrometer (R = 1200) aboard the second Earth Observing System (EOS) polar-orbiting platform, EOS Aqua. In combination with the Advanced Microwave Sounding Unit (AMSU) and the Humidity Sounder for Brazil (HSB), AIRS constitutes an innovative atmospheric sounding group of visible, infrared, and microwave sensors. The AIRS Level 3 Monthly Gridded Retrieval Product contains standard retrieval means, standard deviations and input counts. Each file covers a calendar month. The mean values are simply the arithmetic means of the daily products, weighted by the number of input counts for each day in that grid box. The geophysical parameters have been averaged and binned into 1 x1 deg grid cells, from -180.0 to +180.0 deg longitude and from -90.0 to +90.0 deg latitude. For each grid map of 4-byte floating-point mean values there is a corresponding 4-byte floating-point map of standard deviation and a 2-byte integer grid map of counts. The counts map provides the user with the number of points per bin that were included in the mean and can be used to generate custom multi-day maps from the daily gridded products. The thermodynamic parameters are: Skin Temperature (land and sea surface), Air Temperature at the surface, Profiles of Air Temperature and Water Vapor, Tropopause Characteristics, Column Precipitable Water, Cloud Amount/Frequency, Cloud Height, Cloud Top Pressure, Cloud Top Temperature, Reflectance, Emissivity, Surface Pressure, Cloud Vertical Distribution. The trace gases parameters are: Total Amounts and Vertical Profiles of Carbon Monoxide, Methane, and Ozone. The actual names of the variables in the data files should be inferred from the Processing File Description document.</summary><updated>1970-01-01T00:00:00.000Z</updated><echo:datasetId>AIRS/Aqua L3 Monthly Standard Physical Retrieval (AIRS+AMSU) 1 degree x 1 degree V006 (AIRX3STM) at GES DISC V006</echo:datasetId><echo:shortName>AIRX3STM</echo:shortName><echo:versionId>006</echo:versionId><echo:originalFormat>DIF10</echo:originalFormat><echo:dataCenter>EDF_DEV01</echo:dataCenter><echo:archiveCenter>EDF_DEV01</echo:archiveCenter><echo:organization>EDF_DEV01</echo:organization><echo:processingLevelId>3</echo:processingLevelId><time:start>2002-09-01T00:00:00.000Z</time:start><time:end>2016-10-01T23:59:59.000Z</time:end><link rel="http://esipfed.org/ns/fedsearch/1.1/browse#" hreflang="en-US" href="https://docserver.gesdisc.eosdis.nasa.gov/public/project/Images/AIRX3STM_006.png"></link><link rel="http://esipfed.org/ns/fedsearch/1.1/data#" hreflang="en-US" href="https://acdisc.gesdisc.eosdis.nasa.gov/data/Aqua_AIRS_Level3/AIRX3STM.006/"></link><link rel="http://esipfed.org/ns/fedsearch/1.1/metadata#" hreflang="en-US" href="https://acdisc.gesdisc.eosdis.nasa.gov/opendap/Aqua_AIRS_Level3/AIRX3STM.006/contents.html"></link><link rel="http://esipfed.org/ns/fedsearch/1.1/metadata#" hreflang="en-US" href="https://disc.gsfc.nasa.gov/SSW/#keywords=AIRX3STM%20006"></link><link rel="http://esipfed.org/ns/fedsearch/1.1/data#" hreflang="en-US" href="https://search.earthdata.nasa.gov/search?q=AIRX3STM+006"></link><link rel="http://esipfed.org/ns/fedsearch/1.1/metadata#" hreflang="en-US" href="https://disc1.gsfc.nasa.gov/daac-bin/wms_airs?service=WMS&amp;version=1.1.1&amp;request=GetCapabilities"></link><link rel="http://esipfed.org/ns/fedsearch/1.1/metadata#" hreflang="en-US" href="https://disc1.gsfc.nasa.gov/daac-bin/wms_airs?service=WMS&amp;VERSION=1.1.1&amp;REQUEST=GetMap&amp;SRS=EPSG:4326&amp;WIDTH=720&amp;HEIGHT=360&amp;LAYERS=AIRX3STM_TOTH2OVAP_A&amp;TRANSPARENT=TRUE&amp;FORMAT=image/png&amp;bbox=-180,-90,180,90"></link><link rel="http://esipfed.org/ns/fedsearch/1.1/metadata#" hreflang="en-US" href="https://acdisc.gesdisc.eosdis.nasa.gov/daac-bin/wcsAIRSL3?service=WCS&amp;version=1.0.0&amp;request=GetCapabilities"></link><link rel="http://esipfed.org/ns/fedsearch/1.1/metadata#" hreflang="en-US" href="https://acdisc.gesdisc.eosdis.nasa.gov/daac-bin/wcsAIRSL3?service=WCS&amp;version=1.0.0&amp;request=GetCoverage&amp;CRS=EPSG:4326&amp;format=netCDF&amp;resx=1.0&amp;resy=1.0&amp;BBOX=-197.5,-89.5,179.5,89.5&amp;Coverage=AIRX3STM:CO_VMR_A&amp;Time=2013-07"></link><link rel="http://esipfed.org/ns/fedsearch/1.1/metadata#" hreflang="en-US" href="https://airs.jpl.nasa.gov/index.html"></link><link rel="http://esipfed.org/ns/fedsearch/1.1/documentation#" hreflang="en-US" href="https://disc.gsfc.nasa.gov/information/documents?title=AIRS%20Documentation"></link><link rel="http://esipfed.org/ns/fedsearch/1.1/documentation#" hreflang="en-US" href="https://docserver.gesdisc.eosdis.nasa.gov/repository/Mission/AIRS/3.3_ScienceDataProductDocumentation/3.3.4_ProductGenerationAlgorithms/README.AIRS_V6.pdf"></link><link rel="http://esipfed.org/ns/fedsearch/1.1/documentation#" hreflang="en-US" href="https://docserver.gesdisc.eosdis.nasa.gov/repository/Mission/AIRS/3.3_ScienceDataProductDocumentation/3.3.4_ProductGenerationAlgorithms/V6_Released_Processing_Files_Description.pdf"></link><echo:coordinateSystem>CARTESIAN</echo:coordinateSystem><echo:orbitParameters></echo:orbitParameters><georss:box>-90 -180 90 180</georss:box><echo:difId>AIRX3STM_006</echo:difId><echo:onlineAccessFlag>true</echo:onlineAccessFlag><echo:browseFlag>true</echo:browseFlag><echo:hasVariables>true</echo:hasVariables><echo:hasFormats>false</echo:hasFormats><echo:hasTransforms>true</echo:hasTransforms><echo:hasSpatialSubsetting>true</echo:hasSpatialSubsetting><relevance:score>1.32</relevance:score></entry><entry><id>C1200253052-SCIOPS</id><title type="text">AIRS/Aqua L1B Near Real Time (NRT) Infrared (IR) geolocated and calibrated radiances V005 (AIRIBRAD_NRT) at GES DISC</title><summary type="text">The AIRS Level 1B Near Real Time (NRT) product (AIRIBRAD_NRT_005) differs from the routine product (AIRIBRAD_005) in 2 ways to meet the three hour latency requirements of the Land Atmosphere NRT Capability Earth Observing System (LANCE): (1) The NRT granules are produced without previous or subsequent granules if those granules are not available within 5 minutes, (2) the predictive ephemeris/attitude data are used rather than the definitive ephemeris/attitude. The consequences of these differences are described in the AIRS Near Real Time (NRT) data products document. The Atmospheric Infrared Sounder (AIRS) is a grating spectrometer (R = 1200) aboard the second Earth Observing System (EOS) polar-orbiting platform, EOS Aqua. In combination with the Advanced Microwave Sounding Unit (AMSU) and the Humidity Sounder for Brazil (HSB), AIRS constitutes an innovative atmospheric sounding group of visible, infrared, and microwave sensors. The AIRS Infrared (IR) level 1B data set contains AIRS calibrated and geolocated radiances in milliWatts/m^2/cm^-1/steradian for 2378 infrared channels in the 3.74 to 15.4 micron region of t he spectrum. The AIRS instrument is co-aligned with AMSU-A so that successive blocks of 3 x 3 AIRS footprints are contained within one AMSU-A footprint. The AIRIBRAD_NRT_005 products are stored in files (often referred to as "granules") that contain 6 minutes of data, 90 footprints across track by 135 lines along track.</summary><updated>1970-01-01T00:00:00.000Z</updated><echo:datasetId>AIRS/Aqua L1B Near Real Time (NRT) Infrared (IR) geolocated and calibrated radiances V005 (AIRIBRAD_NRT) at GES DISC</echo:datasetId><echo:shortName>AIRIBRAD_NRT</echo:shortName><echo:versionId>005</echo:versionId><echo:originalFormat>DIF10</echo:originalFormat><echo:collectionDataType>NEAR_REAL_TIME</echo:collectionDataType><echo:dataCenter>SCIOPS</echo:dataCenter><echo:archiveCenter>NASA/GSFC/SED/ESD/GCDC/GESDISC</echo:archiveCenter><echo:organization>NASA/GSFC/SED/ESD/GCDC/GESDISC</echo:organization><echo:processingLevelId>1B</echo:processingLevelId><time:start>2015-12-15T00:00:00.000Z</time:start><link rel="http://esipfed.org/ns/fedsearch/1.1/browse#" hreflang="en-US" href="https://docserver.gesdisc.eosdis.nasa.gov/public/project/Images/AIRIBRAD_NRT_005.jpeg"></link><link rel="http://esipfed.org/ns/fedsearch/1.1/data#" hreflang="en-US" href="https://discnrt1.gesdisc.eosdis.nasa.gov/data/Aqua_AIRS_NRT/AIRIBRAD_NRT.005/"></link><link rel="http://esipfed.org/ns/fedsearch/1.1/metadata#" hreflang="en-US" href="https://discnrt1.gesdisc.eosdis.nasa.gov/opendap/Aqua_AIRS_NRT/AIRIBRAD_NRT.005/contents.html"></link><link rel="http://esipfed.org/ns/fedsearch/1.1/data#" hreflang="en-US" href="https://discnrt1.gesdisc.eosdis.nasa.gov/datacasting/AIRIBRAD_NRT.005.datacast-feed.xml"></link><link rel="http://esipfed.org/ns/fedsearch/1.1/data#" hreflang="en-US" href="https://search.earthdata.nasa.gov/search?q=AIRIBRAD_NRT+005"></link><link rel="http://esipfed.org/ns/fedsearch/1.1/metadata#" hreflang="en-US" href="https://airs.jpl.nasa.gov/index.html"></link><link rel="http://esipfed.org/ns/fedsearch/1.1/documentation#" hreflang="en-US" href="https://disc.gsfc.nasa.gov/information/documents?title=AIRS%20Documentation"></link><link rel="http://esipfed.org/ns/fedsearch/1.1/documentation#" hreflang="en-US" href="https://disc.gsfc.nasa.gov/datacollection/AIRIBRAD_NRT_005.html"></link><link rel="http://esipfed.org/ns/fedsearch/1.1/documentation#" hreflang="en-US" href="https://docserver.gesdisc.eosdis.nasa.gov/repository/Mission/AIRS/3.3_ScienceDataProductDocumentation/3.3.4_ProductGenerationAlgorithms/README.AIRIBRAD.pdf"></link><link rel="http://esipfed.org/ns/fedsearch/1.1/documentation#" hreflang="en-US" href="https://docserver.gesdisc.eosdis.nasa.gov/repository/Mission/AIRS/3.3_ScienceDataProductDocumentation/3.3.5_ProductQuality/nrt_memo_v6.pdf"></link><link rel="http://esipfed.org/ns/fedsearch/1.1/documentation#" hreflang="en-US" href="https://docserver.gesdisc.eosdis.nasa.gov/repository/Mission/AIRS/3.7_ScienceDataProductValidation/V5_CalVal_Status_Summary.pdf"></link><link rel="http://esipfed.org/ns/fedsearch/1.1/documentation#" hreflang="en-US" href="https://eospso.gsfc.nasa.gov/sites/default/files/atbd/AIRS_L1B_ATBD_Part_1.pdf"></link><echo:coordinateSystem>CARTESIAN</echo:coordinateSystem><echo:orbitParameters></echo:orbitParameters><georss:box>-90 -180 90 180</georss:box><echo:difId>AIRIBRAD_NRT_005</echo:difId><echo:onlineAccessFlag>true</echo:onlineAccessFlag><echo:browseFlag>true</echo:browseFlag><echo:hasVariables>false</echo:hasVariables><echo:hasFormats>false</echo:hasFormats><echo:hasTransforms>false</echo:hasTransforms><echo:hasSpatialSubsetting>false</echo:hasSpatialSubsetting><relevance:score>1.32</relevance:score></entry><entry><id>C1200253058-SCIOPSTEST</id><title type="text">AIRS/Aqua L1B Near Real Time (NRT) Infrared (IR) geolocated and calibrated radiances V005 (AIRIBRAD_NRT) at GES DISC</title><summary type="text">The AIRS Level 1B Near Real Time (NRT) product (AIRIBRAD_NRT_005) differs from the routine product (AIRIBRAD_005) in 2 ways to meet the three hour latency requirements of the Land Atmosphere NRT Capability Earth Observing System (LANCE): (1) The NRT granules are produced without previous or subsequent granules if those granules are not available within 5 minutes, (2) the predictive ephemeris/attitude data are used rather than the definitive ephemeris/attitude. The consequences of these differences are described in the AIRS Near Real Time (NRT) data products document. The Atmospheric Infrared Sounder (AIRS) is a grating spectrometer (R = 1200) aboard the second Earth Observing System (EOS) polar-orbiting platform, EOS Aqua. In combination with the Advanced Microwave Sounding Unit (AMSU) and the Humidity Sounder for Brazil (HSB), AIRS constitutes an innovative atmospheric sounding group of visible, infrared, and microwave sensors. The AIRS Infrared (IR) level 1B data set contains AIRS calibrated and geolocated radiances in milliWatts/m^2/cm^-1/steradian for 2378 infrared channels in the 3.74 to 15.4 micron region of t he spectrum. The AIRS instrument is co-aligned with AMSU-A so that successive blocks of 3 x 3 AIRS footprints are contained within one AMSU-A footprint. The AIRIBRAD_NRT_005 products are stored in files (often referred to as "granules") that contain 6 minutes of data, 90 footprints across track by 135 lines along track.</summary><updated>1970-01-01T00:00:00.000Z</updated><echo:datasetId>AIRS/Aqua L1B Near Real Time (NRT) Infrared (IR) geolocated and calibrated radiances V005 (AIRIBRAD_NRT) at GES DISC</echo:datasetId><echo:shortName>AIRIBRAD_NRT</echo:shortName><echo:versionId>005</echo:versionId><echo:originalFormat>DIF10</echo:originalFormat><echo:collectionDataType>NEAR_REAL_TIME</echo:collectionDataType><echo:dataCenter>SCIOPSTEST</echo:dataCenter><echo:archiveCenter>NASA/GSFC/SED/ESD/GCDC/GESDISC</echo:archiveCenter><echo:organization>NASA/GSFC/SED/ESD/GCDC/GESDISC</echo:organization><echo:processingLevelId>1B</echo:processingLevelId><time:start>2015-12-15T00:00:00.000Z</time:start><link rel="http://esipfed.org/ns/fedsearch/1.1/browse#" hreflang="en-US" href="https://docserver.gesdisc.eosdis.nasa.gov/public/project/Images/AIRIBRAD_NRT_005.jpeg"></link><link rel="http://esipfed.org/ns/fedsearch/1.1/data#" hreflang="en-US" href="https://discnrt1.gesdisc.eosdis.nasa.gov/data/Aqua_AIRS_NRT/AIRIBRAD_NRT.005/"></link><link rel="http://esipfed.org/ns/fedsearch/1.1/metadata#" hreflang="en-US" href="https://discnrt1.gesdisc.eosdis.nasa.gov/opendap/Aqua_AIRS_NRT/AIRIBRAD_NRT.005/contents.html"></link><link rel="http://esipfed.org/ns/fedsearch/1.1/data#" hreflang="en-US" href="https://discnrt1.gesdisc.eosdis.nasa.gov/datacasting/AIRIBRAD_NRT.005.datacast-feed.xml"></link><link rel="http://esipfed.org/ns/fedsearch/1.1/data#" hreflang="en-US" href="https://search.earthdata.nasa.gov/search?q=AIRIBRAD_NRT+005"></link><link rel="http://esipfed.org/ns/fedsearch/1.1/metadata#" hreflang="en-US" href="https://airs.jpl.nasa.gov/index.html"></link><link rel="http://esipfed.org/ns/fedsearch/1.1/documentation#" hreflang="en-US" href="https://disc.gsfc.nasa.gov/information/documents?title=AIRS%20Documentation"></link><link rel="http://esipfed.org/ns/fedsearch/1.1/documentation#" hreflang="en-US" href="https://disc.gsfc.nasa.gov/datacollection/AIRIBRAD_NRT_005.html"></link><link rel="http://esipfed.org/ns/fedsearch/1.1/documentation#" hreflang="en-US" href="https://docserver.gesdisc.eosdis.nasa.gov/repository/Mission/AIRS/3.3_ScienceDataProductDocumentation/3.3.4_ProductGenerationAlgorithms/README.AIRIBRAD.pdf"></link><link rel="http://esipfed.org/ns/fedsearch/1.1/documentation#" hreflang="en-US" href="https://docserver.gesdisc.eosdis.nasa.gov/repository/Mission/AIRS/3.3_ScienceDataProductDocumentation/3.3.5_ProductQuality/nrt_memo_v6.pdf"></link><link rel="http://esipfed.org/ns/fedsearch/1.1/documentation#" hreflang="en-US" href="https://docserver.gesdisc.eosdis.nasa.gov/repository/Mission/AIRS/3.7_ScienceDataProductValidation/V5_CalVal_Status_Summary.pdf"></link><link rel="http://esipfed.org/ns/fedsearch/1.1/documentation#" hreflang="en-US" href="https://eospso.gsfc.nasa.gov/sites/default/files/atbd/AIRS_L1B_ATBD_Part_1.pdf"></link><echo:coordinateSystem>CARTESIAN</echo:coordinateSystem><echo:orbitParameters></echo:orbitParameters><georss:box>-90 -180 90 180</georss:box><echo:difId>AIRIBRAD_NRT_005</echo:difId><echo:onlineAccessFlag>true</echo:onlineAccessFlag><echo:browseFlag>true</echo:browseFlag><echo:hasVariables>false</echo:hasVariables><echo:hasFormats>false</echo:hasFormats><echo:hasTransforms>false</echo:hasTransforms><echo:hasSpatialSubsetting>false</echo:hasSpatialSubsetting><relevance:score>1.32</relevance:score></entry><entry><id>C1200268821-EDF_DEV01</id><title type="text">AIRS/Aqua L2 Standard Physical Retrieval (AIRS+AMSU) V006 (AIRX2RET) at GES DISC V006</title><summary type="text">The Atmospheric Infrared Sounder (AIRS) is a grating spectrometer (R = 1200) aboard the second Earth Observing System (EOS) polar-orbiting platform, EOS Aqua. In combination with the Advanced Microwave Sounding Unit (AMSU) and the Humidity Sounder for Brazil (HSB), AIRS constitutes an innovative atmospheric sounding group of visible, infrared, and microwave sensors. The AIRS Standard Retrieval Product consists of retrieved estimates of cloud and surface properties, plus profiles of retrieved temperature, water vapor, ozone, carbon monoxide and methane. Estimates of the errors associated with these quantities are also be part of the Standard Product. The temperature profile vertical resolution is 28 levels total between 1100 mb and 0.1 mb, while moisture profile is reported at 14 atmospheric layers between 1100 mb and 50 mb. The horizontal resolution is 50 km. An AIRS granule has been set as 6 minutes of data, 30 footprints cross track by 45 lines along track.</summary><updated>1970-01-01T00:00:00.000Z</updated><echo:datasetId>AIRS/Aqua L2 Standard Physical Retrieval (AIRS+AMSU) V006 (AIRX2RET) at GES DISC V006</echo:datasetId><echo:shortName>AIRX2RET</echo:shortName><echo:versionId>006</echo:versionId><echo:originalFormat>DIF10</echo:originalFormat><echo:dataCenter>EDF_DEV01</echo:dataCenter><echo:archiveCenter>EDF_DEV01</echo:archiveCenter><echo:organization>EDF_DEV01</echo:organization><echo:processingLevelId>2</echo:processingLevelId><time:start>2002-08-30T00:00:00.000Z</time:start><time:end>2016-09-24T23:59:59.000Z</time:end><link rel="http://esipfed.org/ns/fedsearch/1.1/browse#" hreflang="en-US" href="https://docserver.gesdisc.eosdis.nasa.gov/public/project/Images/AIRX2RET_006.jpeg"></link><link rel="http://esipfed.org/ns/fedsearch/1.1/data#" hreflang="en-US" href="https://airsl2.gesdisc.eosdis.nasa.gov/data/Aqua_AIRS_Level2/AIRX2RET.006/"></link><link rel="http://esipfed.org/ns/fedsearch/1.1/metadata#" hreflang="en-US" href="https://airsl2.gesdisc.eosdis.nasa.gov/opendap/Aqua_AIRS_Level2/AIRX2RET.006/contents.html"></link><link rel="http://esipfed.org/ns/fedsearch/1.1/metadata#" hreflang="en-US" href="https://disc.gsfc.nasa.gov/SSW/#keywords=AIRX2RET%20006"></link><link rel="http://esipfed.org/ns/fedsearch/1.1/data#" hreflang="en-US" href="https://search.earthdata.nasa.gov/search?q=AIRX2RET+006"></link><link rel="http://esipfed.org/ns/fedsearch/1.1/metadata#" hreflang="en-US" href="https://airs.jpl.nasa.gov/index.html"></link><link rel="http://esipfed.org/ns/fedsearch/1.1/documentation#" hreflang="en-US" href="https://disc.gsfc.nasa.gov/information/documents?title=AIRS%20Documentation"></link><link rel="http://esipfed.org/ns/fedsearch/1.1/documentation#" hreflang="en-US" href="https://docserver.gesdisc.eosdis.nasa.gov/repository/Mission/AIRS/3.3_ScienceDataProductDocumentation/3.3.4_ProductGenerationAlgorithms/README.AIRS_V6.pdf"></link><link rel="http://esipfed.org/ns/fedsearch/1.1/documentation#" hreflang="en-US" href="https://eospso.gsfc.nasa.gov/sites/default/files/atbd/20070301_L2_ATBD_signed.pdf"></link><echo:coordinateSystem>CARTESIAN</echo:coordinateSystem><echo:orbitParameters></echo:orbitParameters><georss:box>-90 -180 90 180</georss:box><echo:difId>AIRX2RET_006</echo:difId><echo:onlineAccessFlag>true</echo:onlineAccessFlag><echo:browseFlag>true</echo:browseFlag><echo:hasVariables>true</echo:hasVariables><echo:hasFormats>true</echo:hasFormats><echo:hasTransforms>true</echo:hasTransforms><echo:hasSpatialSubsetting>true</echo:hasSpatialSubsetting><relevance:score>1.32</relevance:score></entry><entry><id>C1200269574-E2E_18_3</id><title type="text">AIRS/Aqua L2 Standard Physical Retrieval (AIRS+AMSU) V006 (AIRX2RET) at GES DISC V006</title><summary type="text">The Atmospheric Infrared Sounder (AIRS) is a grating spectrometer (R = 1200) aboard the second Earth Observing System (EOS) polar-orbiting platform, EOS Aqua. In combination with the Advanced Microwave Sounding Unit (AMSU) and the Humidity Sounder for Brazil (HSB), AIRS constitutes an innovative atmospheric sounding group of visible, infrared, and microwave sensors. The AIRS Standard Retrieval Product consists of retrieved estimates of cloud and surface properties, plus profiles of retrieved temperature, water vapor, ozone, carbon monoxide and methane. Estimates of the errors associated with these quantities are also be part of the Standard Product. The temperature profile vertical resolution is 28 levels total between 1100 mb and 0.1 mb, while moisture profile is reported at 14 atmospheric layers between 1100 mb and 50 mb. The horizontal resolution is 50 km. An AIRS granule has been set as 6 minutes of data, 30 footprints cross track by 45 lines along track.</summary><updated>1970-01-01T00:00:00.000Z</updated><echo:datasetId>AIRS/Aqua L2 Standard Physical Retrieval (AIRS+AMSU) V006 (AIRX2RET) at GES DISC V006</echo:datasetId><echo:shortName>AIRX2RET</echo:shortName><echo:versionId>006</echo:versionId><echo:originalFormat>ECHO10</echo:originalFormat><echo:dataCenter>E2E_18_3</echo:dataCenter><echo:archiveCenter>EDF_DEV01</echo:archiveCenter><echo:organization>EDF_DEV01</echo:organization><echo:processingLevelId>2</echo:processingLevelId><time:start>2002-08-30T00:00:00.000Z</time:start><time:end>2016-09-24T23:59:59.000Z</time:end><link rel="http://esipfed.org/ns/fedsearch/1.1/data#" hreflang="en-US" href="https://airsl2.gesdisc.eosdis.nasa.gov/data/Aqua_AIRS_Level2/AIRX2RET.006/"></link><link rel="http://esipfed.org/ns/fedsearch/1.1/data#" hreflang="en-US" href="https://search.earthdata.nasa.gov/search?q=AIRX2RET+006"></link><link rel="http://esipfed.org/ns/fedsearch/1.1/documentation#" hreflang="en-US" href="https://airsl2.gesdisc.eosdis.nasa.gov/opendap/Aqua_AIRS_Level2/AIRX2RET.006/contents.html"></link><link rel="http://esipfed.org/ns/fedsearch/1.1/documentation#" hreflang="en-US" href="https://disc.gsfc.nasa.gov/SSW/#keywords=AIRX2RET%20006"></link><link rel="http://esipfed.org/ns/fedsearch/1.1/metadata#" hreflang="en-US" href="https://airs.jpl.nasa.gov/index.html"></link><link rel="http://esipfed.org/ns/fedsearch/1.1/documentation#" hreflang="en-US" href="https://disc.gsfc.nasa.gov/information/documents?title=AIRS%20Documentation"></link><link rel="http://esipfed.org/ns/fedsearch/1.1/documentation#" hreflang="en-US" href="https://docserver.gesdisc.eosdis.nasa.gov/repository/Mission/AIRS/3.3_ScienceDataProductDocumentation/3.3.4_ProductGenerationAlgorithms/README.AIRS_V6.pdf"></link><link rel="http://esipfed.org/ns/fedsearch/1.1/documentation#" hreflang="en-US" href="https://eospso.gsfc.nasa.gov/sites/default/files/atbd/20070301_L2_ATBD_signed.pdf"></link><link rel="http://esipfed.org/ns/fedsearch/1.1/browse#" hreflang="en-US" href="https://docserver.gesdisc.eosdis.nasa.gov/public/project/Images/AIRX2RET_006.jpeg"></link><echo:coordinateSystem>CARTESIAN</echo:coordinateSystem><echo:orbitParameters></echo:orbitParameters><georss:box>-90 -180 90 180</georss:box><echo:onlineAccessFlag>true</echo:onlineAccessFlag><echo:browseFlag>true</echo:browseFlag><echo:hasVariables>false</echo:hasVariables><echo:hasFormats>true</echo:hasFormats><echo:hasTransforms>true</echo:hasTransforms><echo:hasSpatialSubsetting>false</echo:hasSpatialSubsetting><relevance:score>1.32</relevance:score></entry><entry><id>C1200277722-EDF_DEV01</id><title type="text">AIRS/Aqua L3 Daily Support Product (AIRS-only) 1 degree x 1 degree V006 (AIRS3SPD) at GES DISC V006</title><summary type="text">The Atmospheric Infrared Sounder (AIRS) is a grating spectrometer (R = 1200) aboard the second Earth Observing System (EOS) polar-orbiting platform, EOS Aqua. In combination with the Advanced Microwave Sounding Unit (AMSU) and the Humidity Sounder for Brazil (HSB), AIRS constitutes an innovative atmospheric sounding group of visible, infrared, and microwave sensors. The L3 support products are similar to the L3 standard products but contain fields which are not fully validated, or are inputs or intermediary values. Because no quality control information is available for some of these fields, values from failed retrievals may be included.</summary><updated>1970-01-01T00:00:00.000Z</updated><echo:datasetId>AIRS/Aqua L3 Daily Support Product (AIRS-only) 1 degree x 1 degree V006 (AIRS3SPD) at GES DISC V006</echo:datasetId><echo:shortName>AIRS3SPD</echo:shortName><echo:versionId>006</echo:versionId><echo:originalFormat>DIF10</echo:originalFormat><echo:dataCenter>EDF_DEV01</echo:dataCenter><echo:archiveCenter>EDF_DEV01</echo:archiveCenter><echo:organization>EDF_DEV01</echo:organization><echo:processingLevelId>3</echo:processingLevelId><time:start>2002-08-31T00:00:00.000Z</time:start><link rel="http://esipfed.org/ns/fedsearch/1.1/browse#" hreflang="en-US" href="https://docserver.gesdisc.eosdis.nasa.gov/public/project/Images/AIRS3SPD_006.png"></link><link rel="http://esipfed.org/ns/fedsearch/1.1/data#" hreflang="en-US" href="https://acdisc.gesdisc.eosdis.nasa.gov/data/Aqua_AIRS_Level3/AIRS3SPD.006/"></link><link rel="http://esipfed.org/ns/fedsearch/1.1/metadata#" hreflang="en-US" href="https://acdisc.gesdisc.eosdis.nasa.gov/opendap/Aqua_AIRS_Level3/AIRS3SPD.006/contents.html"></link><link rel="http://esipfed.org/ns/fedsearch/1.1/metadata#" hreflang="en-US" href="https://disc.gsfc.nasa.gov/SSW/#keywords=AIRS3SPD%20006"></link><link rel="http://esipfed.org/ns/fedsearch/1.1/data#" hreflang="en-US" href="https://search.earthdata.nasa.gov/search?q=AIRS3SPD+006"></link><link rel="http://esipfed.org/ns/fedsearch/1.1/metadata#" hreflang="en-US" href="https://airs.jpl.nasa.gov/index.html"></link><link rel="http://esipfed.org/ns/fedsearch/1.1/documentation#" hreflang="en-US" href="https://disc.gsfc.nasa.gov/information/documents?title=AIRS%20Documentation"></link><link rel="http://esipfed.org/ns/fedsearch/1.1/documentation#" hreflang="en-US" href="https://docserver.gesdisc.eosdis.nasa.gov/repository/Mission/AIRS/3.3_ScienceDataProductDocumentation/3.3.4_ProductGenerationAlgorithms/README.AIRS_V6.pdf"></link><echo:coordinateSystem>CARTESIAN</echo:coordinateSystem><echo:orbitParameters></echo:orbitParameters><georss:box>-90 -180 90 180</georss:box><echo:difId>AIRS3SPD_006</echo:difId><echo:onlineAccessFlag>true</echo:onlineAccessFlag><echo:browseFlag>true</echo:browseFlag><echo:hasVariables>true</echo:hasVariables><echo:hasFormats>false</echo:hasFormats><echo:hasTransforms>true</echo:hasTransforms><echo:hasSpatialSubsetting>true</echo:hasSpatialSubsetting><relevance:score>1.32</relevance:score></entry></feed>'):
  
app/controllers/api/v1/collections_controller.rb:10:in `index'
Started GET "/api/v1/collections.umm_json?keyword=AIRS" for 127.0.0.1 at 2019-01-31 22:03:31 -0500
Processing by Api::V1::CollectionsController#index as 
  Parameters: {"keyword"=>"AIRS"}
Completed 500 Internal Server Error in 3059ms (ActiveRecord: 0.0ms)


  
NoMethodError (undefined method `respond_to' for #<Api::V1::CollectionsController:0x00007f84773e8430>
Did you mean?  respond_to?):
  
app/controllers/concerns/response.rb:3:in `formatted_response'
app/controllers/api/v1/collections_controller.rb:11:in `index'
Started GET "/api/v1/collections.umm_json?keyword=AIRS" for 127.0.0.1 at 2019-01-31 22:05:04 -0500
Processing by Api::V1::CollectionsController#index as 
  Parameters: {"keyword"=>"AIRS"}
Completed 500 Internal Server Error in 2292ms (ActiveRecord: 0.0ms)


  
NameError (undefined local variable or method `extension' for #<Api::V1::CollectionsController:0x00007f8475bc27c0>
Did you mean?  extend):
  
app/controllers/concerns/response.rb:3:in `formatted_response'
app/controllers/api/v1/collections_controller.rb:11:in `index'
Started GET "/api/v1/collections.umm_json?keyword=AIRS" for 127.0.0.1 at 2019-01-31 22:07:27 -0500
Processing by Api::V1::CollectionsController#index as 
  Parameters: {"keyword"=>"AIRS"}
Completed 500 Internal Server Error in 2974ms (ActiveRecord: 0.0ms)


  
ArgumentError (too few arguments):
  
app/controllers/concerns/response.rb:4:in `format'
app/controllers/concerns/response.rb:4:in `formatted_response'
app/controllers/api/v1/collections_controller.rb:11:in `index'
Started GET "/api/v1/collections.umm_json?keyword=AIRS" for 127.0.0.1 at 2019-01-31 22:08:09 -0500
Processing by Api::V1::CollectionsController#index as 
  Parameters: {"keyword"=>"AIRS"}
Completed 200 OK in 3019ms (Views: 43.1ms | ActiveRecord: 0.0ms)


Started GET "/api/v1/collections.xml?keyword=AIRS" for 127.0.0.1 at 2019-01-31 22:14:57 -0500
Processing by Api::V1::CollectionsController#index as XML
  Parameters: {"keyword"=>"AIRS"}
Completed 200 OK in 924ms (Views: 0.2ms | ActiveRecord: 0.0ms)


Started GET "/api/v1/collections.xml?keyword=AIRS" for 127.0.0.1 at 2019-01-31 22:32:03 -0500
Processing by Api::V1::CollectionsController#index as XML
  Parameters: {"keyword"=>"AIRS"}
Completed 500 Internal Server Error in 1102ms (ActiveRecord: 0.0ms)


  
NameError (uninitialized constant Response::Document):
  
app/controllers/concerns/response.rb:6:in `formatted_response'
app/controllers/api/v1/collections_controller.rb:11:in `index'
Started GET "/api/v1/collections.json?keyword=AIRS" for 127.0.0.1 at 2019-01-31 22:32:22 -0500
Processing by Api::V1::CollectionsController#index as JSON
  Parameters: {"keyword"=>"AIRS"}
Completed 200 OK in 1091ms (Views: 25.8ms | ActiveRecord: 0.0ms)


Started GET "/api/v1/collections.atom?keyword=AIRS" for 127.0.0.1 at 2019-01-31 22:32:30 -0500
Processing by Api::V1::CollectionsController#index as ATOM
  Parameters: {"keyword"=>"AIRS"}
Completed 500 Internal Server Error in 843ms (ActiveRecord: 0.0ms)


  
NameError (uninitialized constant Response::Document):
  
app/controllers/concerns/response.rb:6:in `formatted_response'
app/controllers/api/v1/collections_controller.rb:11:in `index'
Started GET "/api/v1/collections.atom?keyword=AIRS" for 127.0.0.1 at 2019-01-31 22:33:32 -0500
Processing by Api::V1::CollectionsController#index as ATOM
  Parameters: {"keyword"=>"AIRS"}
Completed 200 OK in 1129ms (Views: 0.1ms | ActiveRecord: 0.0ms)


Started GET "/api/v1/collections.umm-json?keyword=AIRS" for 127.0.0.1 at 2019-01-31 22:33:57 -0500
Processing by Api::V1::CollectionsController#index as 
  Parameters: {"keyword"=>"AIRS"}
Completed 200 OK in 944ms (Views: 0.1ms | ActiveRecord: 0.0ms)


Started GET "/api/v1/collections.umm-json?keyword=AIRS" for 127.0.0.1 at 2019-01-31 22:45:09 -0500
Processing by Api::V1::CollectionsController#index as 
  Parameters: {"keyword"=>"AIRS"}
Completed 500 Internal Server Error in 37ms (ActiveRecord: 0.0ms)


  
NoMethodError (undefined method `set_extesnsion' for #<Api::V1::CollectionsController:0x00007f8477872b18>
Did you mean?  set_extension):
  
activesupport (5.2.2) lib/active_support/callbacks.rb:426:in `block in make_lambda'
activesupport (5.2.2) lib/active_support/callbacks.rb:198:in `block (2 levels) in halting'
actionpack (5.2.2) lib/abstract_controller/callbacks.rb:34:in `block (2 levels) in <module:Callbacks>'
activesupport (5.2.2) lib/active_support/callbacks.rb:199:in `block in halting'
activesupport (5.2.2) lib/active_support/callbacks.rb:513:in `block in invoke_before'
activesupport (5.2.2) lib/active_support/callbacks.rb:513:in `each'
activesupport (5.2.2) lib/active_support/callbacks.rb:513:in `invoke_before'
activesupport (5.2.2) lib/active_support/callbacks.rb:131:in `run_callbacks'
actionpack (5.2.2) lib/abstract_controller/callbacks.rb:41:in `process_action'
actionpack (5.2.2) lib/action_controller/metal/rescue.rb:22:in `process_action'
actionpack (5.2.2) lib/action_controller/metal/instrumentation.rb:34:in `block in process_action'
activesupport (5.2.2) lib/active_support/notifications.rb:168:in `block in instrument'
activesupport (5.2.2) lib/active_support/notifications/instrumenter.rb:23:in `instrument'
activesupport (5.2.2) lib/active_support/notifications.rb:168:in `instrument'
actionpack (5.2.2) lib/action_controller/metal/instrumentation.rb:32:in `process_action'
actionpack (5.2.2) lib/action_controller/metal/params_wrapper.rb:256:in `process_action'
activerecord (5.2.2) lib/active_record/railties/controller_runtime.rb:24:in `process_action'
actionpack (5.2.2) lib/abstract_controller/base.rb:134:in `process'
actionview (5.2.2) lib/action_view/rendering.rb:32:in `process'
actionpack (5.2.2) lib/action_controller/metal.rb:191:in `dispatch'
actionpack (5.2.2) lib/action_controller/metal.rb:252:in `dispatch'
actionpack (5.2.2) lib/action_dispatch/routing/route_set.rb:52:in `dispatch'
actionpack (5.2.2) lib/action_dispatch/routing/route_set.rb:34:in `serve'
actionpack (5.2.2) lib/action_dispatch/journey/router.rb:52:in `block in serve'
actionpack (5.2.2) lib/action_dispatch/journey/router.rb:35:in `each'
actionpack (5.2.2) lib/action_dispatch/journey/router.rb:35:in `serve'
actionpack (5.2.2) lib/action_dispatch/routing/route_set.rb:840:in `call'
rack (2.0.6) lib/rack/etag.rb:25:in `call'
rack (2.0.6) lib/rack/conditional_get.rb:25:in `call'
rack (2.0.6) lib/rack/head.rb:12:in `call'
activerecord (5.2.2) lib/active_record/migration.rb:559:in `call'
actionpack (5.2.2) lib/action_dispatch/middleware/callbacks.rb:28:in `block in call'
activesupport (5.2.2) lib/active_support/callbacks.rb:98:in `run_callbacks'
actionpack (5.2.2) lib/action_dispatch/middleware/callbacks.rb:26:in `call'
actionpack (5.2.2) lib/action_dispatch/middleware/executor.rb:14:in `call'
actionpack (5.2.2) lib/action_dispatch/middleware/debug_exceptions.rb:61:in `call'
actionpack (5.2.2) lib/action_dispatch/middleware/show_exceptions.rb:33:in `call'
railties (5.2.2) lib/rails/rack/logger.rb:38:in `call_app'
railties (5.2.2) lib/rails/rack/logger.rb:26:in `block in call'
activesupport (5.2.2) lib/active_support/tagged_logging.rb:71:in `block in tagged'
activesupport (5.2.2) lib/active_support/tagged_logging.rb:28:in `tagged'
activesupport (5.2.2) lib/active_support/tagged_logging.rb:71:in `tagged'
railties (5.2.2) lib/rails/rack/logger.rb:26:in `call'
actionpack (5.2.2) lib/action_dispatch/middleware/remote_ip.rb:81:in `call'
actionpack (5.2.2) lib/action_dispatch/middleware/request_id.rb:27:in `call'
rack (2.0.6) lib/rack/runtime.rb:22:in `call'
activesupport (5.2.2) lib/active_support/cache/strategy/local_cache_middleware.rb:29:in `call'
actionpack (5.2.2) lib/action_dispatch/middleware/executor.rb:14:in `call'
actionpack (5.2.2) lib/action_dispatch/middleware/static.rb:127:in `call'
rack (2.0.6) lib/rack/sendfile.rb:111:in `call'
railties (5.2.2) lib/rails/engine.rb:524:in `call'
puma (3.12.0) lib/puma/configuration.rb:225:in `call'
puma (3.12.0) lib/puma/server.rb:658:in `handle_request'
puma (3.12.0) lib/puma/server.rb:472:in `process_client'
puma (3.12.0) lib/puma/server.rb:332:in `block in run'
puma (3.12.0) lib/puma/thread_pool.rb:133:in `block in spawn_thread'
Started GET "/api/v1/collections.umm-json?keyword=AIRS" for 127.0.0.1 at 2019-01-31 22:45:23 -0500
Processing by Api::V1::CollectionsController#index as 
  Parameters: {"keyword"=>"AIRS"}
Completed 200 OK in 1499ms (Views: 0.2ms | ActiveRecord: 0.0ms)


Started GET "/api/v1/collections.umm_json?keyword=AIRS" for 127.0.0.1 at 2019-01-31 22:45:30 -0500
Processing by Api::V1::CollectionsController#index as 
  Parameters: {"keyword"=>"AIRS"}
Completed 200 OK in 1772ms (Views: 0.1ms | ActiveRecord: 0.0ms)


Started GET "/api/v1/collections.json?keyword=AIRS" for 127.0.0.1 at 2019-01-31 22:45:41 -0500
Processing by Api::V1::CollectionsController#index as JSON
  Parameters: {"keyword"=>"AIRS"}
Completed 200 OK in 803ms (Views: 0.1ms | ActiveRecord: 0.0ms)


Started GET "/api/v1/collections.dif10?keyword=AIRS" for 127.0.0.1 at 2019-01-31 22:46:47 -0500
Processing by Api::V1::CollectionsController#index as 
  Parameters: {"keyword"=>"AIRS"}
Completed 200 OK in 1768ms (Views: 0.2ms | ActiveRecord: 0.0ms)


Started GET "/api/v1/collections.iso?keyword=AIRS" for 127.0.0.1 at 2019-01-31 22:47:10 -0500
Processing by Api::V1::CollectionsController#index as 
  Parameters: {"keyword"=>"AIRS"}
Completed 200 OK in 5495ms (Views: 0.1ms | ActiveRecord: 0.0ms)


Started GET "/api/v1/collections/C1200240776-DEV08.json" for 127.0.0.1 at 2019-01-31 22:52:07 -0500
Processing by Api::V1::CollectionsController#show as JSON
  Parameters: {"id"=>"C1200240776-DEV08"}
Completed 200 OK in 1172ms (Views: 0.1ms | ActiveRecord: 0.0ms)


Started GET "/api/v1/collections/C1200240776-DEV08.dif10" for 127.0.0.1 at 2019-01-31 22:52:35 -0500
Processing by Api::V1::CollectionsController#show as 
  Parameters: {"id"=>"C1200240776-DEV08"}
Completed 200 OK in 861ms (Views: 0.1ms | ActiveRecord: 0.0ms)


Started GET "/api/v1/collections.ryan?keyword=AIRS" for 127.0.0.1 at 2019-01-31 23:00:23 -0500
Processing by Api::V1::CollectionsController#index as 
  Parameters: {"keyword"=>"AIRS"}
Completed 415 Unsupported Media Type in 986ms (Views: 0.3ms | ActiveRecord: 0.0ms)


Started GET "/search/granules?p=C1200240776-DEV08&pg[0][id]=mod&tl=1533182788!4!!&ff=Customizable!Customizable" for 127.0.0.1 at 2019-01-31 23:10:28 -0500
  
ActionController::RoutingError (No route matches [GET] "/search/granules"):
  
actionpack (5.2.2) lib/action_dispatch/middleware/debug_exceptions.rb:65:in `call'
actionpack (5.2.2) lib/action_dispatch/middleware/show_exceptions.rb:33:in `call'
railties (5.2.2) lib/rails/rack/logger.rb:38:in `call_app'
railties (5.2.2) lib/rails/rack/logger.rb:26:in `block in call'
activesupport (5.2.2) lib/active_support/tagged_logging.rb:71:in `block in tagged'
activesupport (5.2.2) lib/active_support/tagged_logging.rb:28:in `tagged'
activesupport (5.2.2) lib/active_support/tagged_logging.rb:71:in `tagged'
railties (5.2.2) lib/rails/rack/logger.rb:26:in `call'
actionpack (5.2.2) lib/action_dispatch/middleware/remote_ip.rb:81:in `call'
actionpack (5.2.2) lib/action_dispatch/middleware/request_id.rb:27:in `call'
rack (2.0.6) lib/rack/runtime.rb:22:in `call'
activesupport (5.2.2) lib/active_support/cache/strategy/local_cache_middleware.rb:29:in `call'
actionpack (5.2.2) lib/action_dispatch/middleware/executor.rb:14:in `call'
actionpack (5.2.2) lib/action_dispatch/middleware/static.rb:127:in `call'
rack (2.0.6) lib/rack/sendfile.rb:111:in `call'
railties (5.2.2) lib/rails/engine.rb:524:in `call'
puma (3.12.0) lib/puma/configuration.rb:225:in `call'
puma (3.12.0) lib/puma/server.rb:658:in `handle_request'
puma (3.12.0) lib/puma/server.rb:472:in `process_client'
puma (3.12.0) lib/puma/server.rb:332:in `block in run'
puma (3.12.0) lib/puma/thread_pool.rb:133:in `block in spawn_thread'
Started GET "/api/v1/collections.umm-json?keyword=AIRS" for 127.0.0.1 at 2019-01-31 23:55:36 -0500
Processing by Api::V1::CollectionsController#index as 
  Parameters: {"keyword"=>"AIRS"}
Completed 200 OK in 844ms (Views: 0.3ms | ActiveRecord: 0.0ms)


Started GET "/api/v1/collections.json?keyword=AIRS" for 127.0.0.1 at 2019-01-31 23:56:44 -0500
Processing by Api::V1::CollectionsController#index as JSON
  Parameters: {"keyword"=>"AIRS"}
Completed 200 OK in 571ms (Views: 0.1ms | ActiveRecord: 0.0ms)


Started GET "/api/v1/collections.json?keyword=AIRS" for ::1 at 2019-02-01 00:01:13 -0500
Processing by Api::V1::CollectionsController#index as JSON
  Parameters: {"keyword"=>"AIRS"}
Completed 200 OK in 634ms (Views: 0.2ms | ActiveRecord: 0.0ms)


Started GET "/favicon.ico" for ::1 at 2019-02-01 00:01:14 -0500
  
ActionController::RoutingError (No route matches [GET] "/favicon.ico"):
  
actionpack (5.2.2) lib/action_dispatch/middleware/debug_exceptions.rb:65:in `call'
actionpack (5.2.2) lib/action_dispatch/middleware/show_exceptions.rb:33:in `call'
railties (5.2.2) lib/rails/rack/logger.rb:38:in `call_app'
railties (5.2.2) lib/rails/rack/logger.rb:26:in `block in call'
activesupport (5.2.2) lib/active_support/tagged_logging.rb:71:in `block in tagged'
activesupport (5.2.2) lib/active_support/tagged_logging.rb:28:in `tagged'
activesupport (5.2.2) lib/active_support/tagged_logging.rb:71:in `tagged'
railties (5.2.2) lib/rails/rack/logger.rb:26:in `call'
actionpack (5.2.2) lib/action_dispatch/middleware/remote_ip.rb:81:in `call'
actionpack (5.2.2) lib/action_dispatch/middleware/request_id.rb:27:in `call'
rack (2.0.6) lib/rack/runtime.rb:22:in `call'
activesupport (5.2.2) lib/active_support/cache/strategy/local_cache_middleware.rb:29:in `call'
actionpack (5.2.2) lib/action_dispatch/middleware/executor.rb:14:in `call'
actionpack (5.2.2) lib/action_dispatch/middleware/static.rb:127:in `call'
rack (2.0.6) lib/rack/sendfile.rb:111:in `call'
railties (5.2.2) lib/rails/engine.rb:524:in `call'
puma (3.12.0) lib/puma/configuration.rb:225:in `call'
puma (3.12.0) lib/puma/server.rb:658:in `handle_request'
puma (3.12.0) lib/puma/server.rb:472:in `process_client'
puma (3.12.0) lib/puma/server.rb:332:in `block in run'
puma (3.12.0) lib/puma/thread_pool.rb:133:in `block in spawn_thread'
Started GET "/api/v1/collections.json" for ::1 at 2019-02-01 12:35:58 -0700
Processing by Api::V1::CollectionsController#index as JSON
Completed 200 OK in 695ms (Views: 0.2ms | ActiveRecord: 0.0ms)


Started GET "/api/v1/collections.json" for ::1 at 2019-02-01 12:44:46 -0700
Processing by Api::V1::CollectionsController#index as JSON
Completed 200 OK in 717ms (Views: 0.2ms | ActiveRecord: 0.0ms)


Started GET "/api/v1/collections.json" for ::1 at 2019-02-01 13:15:38 -0700
Processing by Api::V1::CollectionsController#index as JSON
Completed 200 OK in 609ms (Views: 0.1ms | ActiveRecord: 0.0ms)


Started GET "/api/v1/collections.json" for ::1 at 2019-02-01 13:19:42 -0700
Processing by Api::V1::CollectionsController#index as JSON
Completed 200 OK in 502ms (Views: 0.2ms | ActiveRecord: 0.0ms)


Started GET "/api/v1/collections.json" for ::1 at 2019-02-01 13:25:15 -0700
Processing by Api::V1::CollectionsController#index as JSON
Completed 200 OK in 699ms (Views: 0.1ms | ActiveRecord: 0.0ms)


Started GET "/api/v1/collections.json" for ::1 at 2019-02-01 13:25:53 -0700
Processing by Api::V1::CollectionsController#index as JSON
Completed 200 OK in 554ms (Views: 0.1ms | ActiveRecord: 0.0ms)


Started GET "/api/v1/collections.json" for ::1 at 2019-02-01 13:26:01 -0700
Processing by Api::V1::CollectionsController#index as JSON
Completed 200 OK in 626ms (Views: 0.1ms | ActiveRecord: 0.0ms)


Started GET "/api/v1/collections.json" for ::1 at 2019-02-01 13:26:05 -0700
Processing by Api::V1::CollectionsController#index as JSON
Completed 200 OK in 471ms (Views: 0.1ms | ActiveRecord: 0.0ms)


Started GET "/api/v1/collections.json" for ::1 at 2019-02-01 13:26:18 -0700
Processing by Api::V1::CollectionsController#index as JSON
Completed 200 OK in 537ms (Views: 0.1ms | ActiveRecord: 0.0ms)


Started GET "/api/v1/collections.json" for ::1 at 2019-02-01 13:29:43 -0700
Processing by Api::V1::CollectionsController#index as JSON
Completed 200 OK in 519ms (Views: 0.2ms | ActiveRecord: 0.0ms)


Started GET "/api/v1/collections.json/SCIOPS" for ::1 at 2019-02-01 13:30:01 -0700
  
ActionController::RoutingError (No route matches [GET] "/api/v1/collections.json/SCIOPS"):
  
actionpack (5.2.2) lib/action_dispatch/middleware/debug_exceptions.rb:65:in `call'
actionpack (5.2.2) lib/action_dispatch/middleware/show_exceptions.rb:33:in `call'
railties (5.2.2) lib/rails/rack/logger.rb:38:in `call_app'
railties (5.2.2) lib/rails/rack/logger.rb:26:in `block in call'
activesupport (5.2.2) lib/active_support/tagged_logging.rb:71:in `block in tagged'
activesupport (5.2.2) lib/active_support/tagged_logging.rb:28:in `tagged'
activesupport (5.2.2) lib/active_support/tagged_logging.rb:71:in `tagged'
railties (5.2.2) lib/rails/rack/logger.rb:26:in `call'
actionpack (5.2.2) lib/action_dispatch/middleware/remote_ip.rb:81:in `call'
actionpack (5.2.2) lib/action_dispatch/middleware/request_id.rb:27:in `call'
rack (2.0.6) lib/rack/runtime.rb:22:in `call'
activesupport (5.2.2) lib/active_support/cache/strategy/local_cache_middleware.rb:29:in `call'
actionpack (5.2.2) lib/action_dispatch/middleware/executor.rb:14:in `call'
actionpack (5.2.2) lib/action_dispatch/middleware/static.rb:127:in `call'
rack (2.0.6) lib/rack/sendfile.rb:111:in `call'
rack-cors (1.0.2) lib/rack/cors.rb:97:in `call'
railties (5.2.2) lib/rails/engine.rb:524:in `call'
puma (3.12.0) lib/puma/configuration.rb:225:in `call'
puma (3.12.0) lib/puma/server.rb:658:in `handle_request'
puma (3.12.0) lib/puma/server.rb:472:in `process_client'
puma (3.12.0) lib/puma/server.rb:332:in `block in run'
puma (3.12.0) lib/puma/thread_pool.rb:133:in `block in spawn_thread'
Started GET "/api/v1/collections.json" for ::1 at 2019-02-01 13:30:41 -0700
Processing by Api::V1::CollectionsController#index as JSON
Completed 200 OK in 513ms (Views: 0.1ms | ActiveRecord: 0.0ms)


Started GET "/api/v1/collections.json" for ::1 at 2019-02-01 13:30:46 -0700
Processing by Api::V1::CollectionsController#index as JSON
Completed 200 OK in 483ms (Views: 0.1ms | ActiveRecord: 0.0ms)


Started GET "/api/v1/collections.json/?keyword=SCIOPS" for ::1 at 2019-02-01 13:30:51 -0700
Processing by Api::V1::CollectionsController#index as JSON
  Parameters: {"keyword"=>"SCIOPS"}
Completed 200 OK in 490ms (Views: 0.1ms | ActiveRecord: 0.0ms)


Started GET "/api/v1/collections.json/?keyword=C1200253052" for ::1 at 2019-02-01 13:30:57 -0700
Processing by Api::V1::CollectionsController#index as JSON
  Parameters: {"keyword"=>"C1200253052"}
Completed 200 OK in 491ms (Views: 0.1ms | ActiveRecord: 0.0ms)


Started GET "/api/v1/collections.json/?keyword=C1200253052" for ::1 at 2019-02-01 13:37:47 -0700
Processing by Api::V1::CollectionsController#index as JSON
  Parameters: {"keyword"=>"C1200253052"}
Completed 200 OK in 810ms (Views: 0.1ms | ActiveRecord: 0.0ms)


Started GET "/api/v1/collections.json" for ::1 at 2019-02-01 13:40:48 -0700
Processing by Api::V1::CollectionsController#index as JSON
Completed 200 OK in 585ms (Views: 0.2ms | ActiveRecord: 0.0ms)


Started GET "/api/v1/collections.json" for ::1 at 2019-02-01 13:41:29 -0700
Processing by Api::V1::CollectionsController#index as JSON
Completed 200 OK in 567ms (Views: 0.1ms | ActiveRecord: 0.0ms)


Started GET "/api/v1/collections.json" for ::1 at 2019-02-01 13:46:23 -0700
Processing by Api::V1::CollectionsController#index as JSON
Completed 200 OK in 705ms (Views: 0.2ms | ActiveRecord: 0.0ms)


Started GET "/api/v1/collections.json" for ::1 at 2019-02-01 13:49:07 -0700
Processing by Api::V1::CollectionsController#index as JSON
Completed 200 OK in 511ms (Views: 0.1ms | ActiveRecord: 0.0ms)


Started GET "/api/v1/collections.json" for ::1 at 2019-02-01 13:49:42 -0700
Processing by Api::V1::CollectionsController#index as JSON
Completed 200 OK in 475ms (Views: 0.1ms | ActiveRecord: 0.0ms)


Started GET "/api/v1/collections.json" for ::1 at 2019-02-01 13:50:27 -0700
Processing by Api::V1::CollectionsController#index as JSON
Completed 200 OK in 546ms (Views: 0.1ms | ActiveRecord: 0.0ms)


Started GET "/api/v1/collections.json" for ::1 at 2019-02-01 13:50:44 -0700
Processing by Api::V1::CollectionsController#index as JSON
Completed 200 OK in 472ms (Views: 0.1ms | ActiveRecord: 0.0ms)


Started GET "/api/v1/collections.json" for ::1 at 2019-02-01 13:51:22 -0700
Processing by Api::V1::CollectionsController#index as JSON
Completed 200 OK in 561ms (Views: 0.1ms | ActiveRecord: 0.0ms)


Started GET "/api/v1/collections.json" for ::1 at 2019-02-01 13:51:23 -0700
Processing by Api::V1::CollectionsController#index as JSON
Completed 200 OK in 499ms (Views: 0.4ms | ActiveRecord: 0.0ms)


Started GET "/api/v1/collections.json" for ::1 at 2019-02-01 13:51:25 -0700
Processing by Api::V1::CollectionsController#index as JSON
Completed 200 OK in 471ms (Views: 0.1ms | ActiveRecord: 0.0ms)


Started GET "/api/v1/collections.json" for ::1 at 2019-02-01 13:53:19 -0700
Processing by Api::V1::CollectionsController#index as JSON
Completed 200 OK in 666ms (Views: 0.2ms | ActiveRecord: 0.0ms)


Started GET "/api/v1/collections.json" for ::1 at 2019-02-01 13:54:11 -0700
Processing by Api::V1::CollectionsController#index as JSON
Completed 200 OK in 620ms (Views: 0.1ms | ActiveRecord: 0.0ms)


Started GET "/api/v1/collections.json" for ::1 at 2019-02-01 13:54:41 -0700
Processing by Api::V1::CollectionsController#index as JSON
Completed 200 OK in 603ms (Views: 0.1ms | ActiveRecord: 0.0ms)


Started GET "/api/v1/collections.json" for ::1 at 2019-02-01 13:58:16 -0700
Processing by Api::V1::CollectionsController#index as JSON
Completed 200 OK in 537ms (Views: 0.1ms | ActiveRecord: 0.0ms)


Started GET "/api/v1/collections.json" for ::1 at 2019-02-01 13:58:19 -0700
Processing by Api::V1::CollectionsController#index as JSON
Completed 200 OK in 474ms (Views: 0.1ms | ActiveRecord: 0.0ms)


Started GET "/api/v1/collections.json" for ::1 at 2019-02-01 13:59:08 -0700
Processing by Api::V1::CollectionsController#index as JSON
Completed 200 OK in 497ms (Views: 0.2ms | ActiveRecord: 0.0ms)


Started GET "/api/v1/collections.json" for ::1 at 2019-02-01 13:59:36 -0700
Processing by Api::V1::CollectionsController#index as JSON
Completed 200 OK in 553ms (Views: 0.1ms | ActiveRecord: 0.0ms)


Started GET "/api/v1/collections.json" for ::1 at 2019-02-01 14:00:25 -0700
Processing by Api::V1::CollectionsController#index as JSON
Completed 200 OK in 618ms (Views: 0.7ms | ActiveRecord: 0.0ms)


Started GET "/api/v1/collections.json" for ::1 at 2019-02-01 14:03:47 -0700
Processing by Api::V1::CollectionsController#index as JSON
Completed 200 OK in 517ms (Views: 0.1ms | ActiveRecord: 0.0ms)


Started GET "/api/v1/collections.json" for ::1 at 2019-02-01 14:04:02 -0700
Processing by Api::V1::CollectionsController#index as JSON
Completed 200 OK in 481ms (Views: 0.1ms | ActiveRecord: 0.0ms)


Started GET "/api/v1/collections.json" for ::1 at 2019-02-01 14:05:42 -0700
Processing by Api::V1::CollectionsController#index as JSON
Completed 200 OK in 518ms (Views: 0.1ms | ActiveRecord: 0.0ms)


Started GET "/api/v1/collections.json" for ::1 at 2019-02-01 14:06:01 -0700
Processing by Api::V1::CollectionsController#index as JSON
Completed 200 OK in 477ms (Views: 0.2ms | ActiveRecord: 0.0ms)


Started GET "/api/v1/collections.json" for ::1 at 2019-02-01 14:06:05 -0700
Processing by Api::V1::CollectionsController#index as JSON
Completed 200 OK in 477ms (Views: 0.2ms | ActiveRecord: 0.0ms)


Started GET "/api/v1/collections.json" for ::1 at 2019-02-01 14:06:23 -0700
Processing by Api::V1::CollectionsController#index as JSON
Completed 200 OK in 504ms (Views: 0.1ms | ActiveRecord: 0.0ms)


Started GET "/api/v1/collections.json" for ::1 at 2019-02-01 14:06:28 -0700
Processing by Api::V1::CollectionsController#index as JSON
Completed 200 OK in 484ms (Views: 0.1ms | ActiveRecord: 0.0ms)


Started GET "/api/v1/collections.json" for ::1 at 2019-02-01 14:06:46 -0700
Processing by Api::V1::CollectionsController#index as JSON
Completed 200 OK in 625ms (Views: 0.1ms | ActiveRecord: 0.0ms)


Started GET "/api/v1/collections.json" for ::1 at 2019-02-01 14:07:17 -0700
Processing by Api::V1::CollectionsController#index as JSON
Completed 200 OK in 574ms (Views: 0.1ms | ActiveRecord: 0.0ms)


Started GET "/api/v1/collections.json/?keyword=TEST" for ::1 at 2019-02-01 14:07:19 -0700
Processing by Api::V1::CollectionsController#index as JSON
  Parameters: {"keyword"=>"TEST"}
Completed 200 OK in 490ms (Views: 0.1ms | ActiveRecord: 0.0ms)


Started GET "/api/v1/collections.json" for ::1 at 2019-02-01 14:07:36 -0700
Processing by Api::V1::CollectionsController#index as JSON
Completed 200 OK in 482ms (Views: 0.1ms | ActiveRecord: 0.0ms)


Started GET "/api/v1/collections.json" for ::1 at 2019-02-01 14:11:33 -0700
Processing by Api::V1::CollectionsController#index as JSON
Completed 200 OK in 669ms (Views: 0.2ms | ActiveRecord: 0.0ms)


Started GET "/api/v1/collections.json" for ::1 at 2019-02-01 14:11:59 -0700
Processing by Api::V1::CollectionsController#index as JSON
Completed 200 OK in 558ms (Views: 0.1ms | ActiveRecord: 0.0ms)


Started GET "/api/v1/collections.json" for ::1 at 2019-02-01 14:12:14 -0700
Processing by Api::V1::CollectionsController#index as JSON
Completed 200 OK in 504ms (Views: 0.1ms | ActiveRecord: 0.0ms)


Started GET "/api/v1/collections.json" for ::1 at 2019-02-01 14:12:39 -0700
Processing by Api::V1::CollectionsController#index as JSON
Completed 200 OK in 478ms (Views: 0.1ms | ActiveRecord: 0.0ms)


Started GET "/api/v1/collections.json" for ::1 at 2019-02-01 14:13:19 -0700
Processing by Api::V1::CollectionsController#index as JSON
Completed 200 OK in 775ms (Views: 0.1ms | ActiveRecord: 0.0ms)


Started GET "/api/v1/collections.json" for ::1 at 2019-02-01 14:13:54 -0700
Processing by Api::V1::CollectionsController#index as JSON
Completed 200 OK in 494ms (Views: 0.1ms | ActiveRecord: 0.0ms)


Started GET "/api/v1/collections.json" for ::1 at 2019-02-01 14:14:16 -0700
Processing by Api::V1::CollectionsController#index as JSON
Completed 200 OK in 485ms (Views: 0.1ms | ActiveRecord: 0.0ms)


Started GET "/api/v1/collections.json" for ::1 at 2019-02-01 14:17:29 -0700
Processing by Api::V1::CollectionsController#index as JSON
Completed 200 OK in 543ms (Views: 0.1ms | ActiveRecord: 0.0ms)


Started GET "/api/v1/collections.json" for ::1 at 2019-02-01 14:18:05 -0700
Processing by Api::V1::CollectionsController#index as JSON
Completed 200 OK in 485ms (Views: 0.1ms | ActiveRecord: 0.0ms)


Started GET "/api/v1/collections.json" for ::1 at 2019-02-01 14:20:41 -0700
Processing by Api::V1::CollectionsController#index as JSON
Completed 200 OK in 752ms (Views: 0.2ms | ActiveRecord: 0.0ms)


Started GET "/api/v1/collections.json" for ::1 at 2019-02-01 14:20:42 -0700
Processing by Api::V1::CollectionsController#index as JSON
Completed 200 OK in 480ms (Views: 0.1ms | ActiveRecord: 0.0ms)


Started GET "/api/v1/collections.json" for ::1 at 2019-02-01 14:20:54 -0700
Processing by Api::V1::CollectionsController#index as JSON
Completed 200 OK in 477ms (Views: 0.2ms | ActiveRecord: 0.0ms)


Started GET "/api/v1/collections.json" for ::1 at 2019-02-01 14:20:56 -0700
Processing by Api::V1::CollectionsController#index as JSON
Completed 200 OK in 476ms (Views: 0.1ms | ActiveRecord: 0.0ms)


